#-----------------------------------------------------------
# Vivado v2019.1 (64-bit)
# SW Build 2552052 on Fri May 24 14:49:42 MDT 2019
# IP Build 2548770 on Fri May 24 18:01:18 MDT 2019
# Start of session at: Sat Nov  2 17:25:16 2024
# Process ID: 29312
# Current directory: D:/findjob/project_1
# Command line: vivado.exe -gui_launcher_event rodinguilauncherevent13148 D:\findjob\project_1\project_1.xpr
# Log file: D:/findjob/project_1/vivado.log
# Journal file: D:/findjob/project_1\vivado.jou
#-----------------------------------------------------------
start_gui
open_project D:/findjob/project_1/project_1.xpr
Scanning sources...
Finished scanning sources
INFO: [IP_Flow 19-234] Refreshing IP repositories
INFO: [IP_Flow 19-1704] No user IP repositories specified
INFO: [IP_Flow 19-2313] Loaded Vivado IP repository 'D:/vivado/Vivado/2019.1/data/ip'.
update_compile_order -fileset sources_1
launch_simulation
INFO: [Vivado 12-5682] Launching behavioral simulation in 'D:/findjob/project_1/project_1.sim/sim_1/behav/xsim'
INFO: [SIM-utils-51] Simulation object is 'sim_1'
INFO: [SIM-utils-54] Inspecting design source files for 'I2C_top_tb' in fileset 'sim_1'...
INFO: [USF-XSim-97] Finding global include files...
INFO: [USF-XSim-98] Fetching design files from 'sim_1'...
INFO: [USF-XSim-2] XSim::Compile design
INFO: [USF-XSim-61] Executing 'COMPILE and ANALYZE' step in 'D:/findjob/project_1/project_1.sim/sim_1/behav/xsim'
"xvlog --incr --relax -prj I2C_top_tb_vlog.prj"
INFO: [USF-XSim-69] 'compile' step finished in '1' seconds
INFO: [USF-XSim-3] XSim::Elaborate design
INFO: [USF-XSim-61] Executing 'ELABORATE' step in 'D:/findjob/project_1/project_1.sim/sim_1/behav/xsim'
"xelab -wto 78618b26c6384b86a3b48550143a7297 --incr --debug typical --relax --mt 2 -L xil_defaultlib -L unisims_ver -L unimacro_ver -L secureip --snapshot I2C_top_tb_behav xil_defaultlib.I2C_top_tb xil_defaultlib.glbl -log elaborate.log"
Vivado Simulator 2019.1
Copyright 1986-1999, 2001-2019 Xilinx, Inc. All Rights Reserved.
Running: D:/vivado/Vivado/2019.1/bin/unwrapped/win64.o/xelab.exe -wto 78618b26c6384b86a3b48550143a7297 --incr --debug typical --relax --mt 2 -L xil_defaultlib -L unisims_ver -L unimacro_ver -L secureip --snapshot I2C_top_tb_behav xil_defaultlib.I2C_top_tb xil_defaultlib.glbl -log elaborate.log 
Using 2 slave threads.
Starting static elaboration
WARNING: [VRFC 10-3091] actual bit length 32 differs from formal bit length 1 for port 'i_master_type' [D:/findjob/project_1/project_1.srcs/sim_1/new/I2C_top_tb.v:40]
WARNING: [VRFC 10-3091] actual bit length 32 differs from formal bit length 1 for port 'i_master_vaild' [D:/findjob/project_1/project_1.srcs/sim_1/new/I2C_top_tb.v:41]
Completed static elaboration
INFO: [XSIM 43-4323] No Change in HDL. Linking previously generated obj files to create kernel
INFO: [USF-XSim-69] 'elaborate' step finished in '1' seconds
INFO: [USF-XSim-4] XSim::Simulate design
INFO: [USF-XSim-61] Executing 'SIMULATE' step in 'D:/findjob/project_1/project_1.sim/sim_1/behav/xsim'
INFO: [USF-XSim-98] *** Running xsim
   with args "I2C_top_tb_behav -key {Behavioral:sim_1:Functional:I2C_top_tb} -tclbatch {I2C_top_tb.tcl} -log {simulate.log}"
INFO: [USF-XSim-8] Loading simulator feature
Vivado Simulator 2019.1
Time resolution is 1 ps
source I2C_top_tb.tcl
# set curr_wave [current_wave_config]
# if { [string length $curr_wave] == 0 } {
#   if { [llength [get_objects]] > 0} {
#     add_wave /
#     set_property needs_save false [current_wave_config]
#   } else {
#      send_msg_id Add_Wave-1 WARNING "No top level signals found. Simulator will start without a wave window. If you want to open a wave window go to 'File->New Waveform Configuration' or type 'create_wave_config' in the TCL console."
#   }
# }
# run 1000ns
INFO: [USF-XSim-96] XSim completed. Design snapshot 'I2C_top_tb_behav' loaded.
INFO: [USF-XSim-97] XSim simulation ran for 1000ns
launch_simulation: Time (s): cpu = 00:00:01 ; elapsed = 00:00:05 . Memory (MB): peak = 868.457 ; gain = 16.133
current_wave_config {Untitled 1}
Untitled 1
add_wave {{/I2C_top_tb/test}} 
run 1000 us
Stopped at time : 5550 ns : File "D:/findjob/project_1/project_1.srcs/sources_1/new/I2C_top.v" Line 184
run 1000 us
Stopped at time : 5750 ns : File "D:/findjob/project_1/project_1.srcs/sources_1/new/I2C_top.v" Line 184
run 1000 us
Stopped at time : 5950 ns : File "D:/findjob/project_1/project_1.srcs/sources_1/new/I2C_top.v" Line 184
remove_bps -file {D:/findjob/project_1/project_1.srcs/sources_1/new/I2C_top.v} -line 184
run 1000 us
close_sim
INFO: [Simtcl 6-16] Simulation closed
launch_simulation
INFO: [Vivado 12-5682] Launching behavioral simulation in 'D:/findjob/project_1/project_1.sim/sim_1/behav/xsim'
INFO: [SIM-utils-51] Simulation object is 'sim_1'
INFO: [SIM-utils-54] Inspecting design source files for 'I2C_top_tb' in fileset 'sim_1'...
INFO: [USF-XSim-97] Finding global include files...
INFO: [USF-XSim-98] Fetching design files from 'sim_1'...
INFO: [USF-XSim-2] XSim::Compile design
INFO: [USF-XSim-61] Executing 'COMPILE and ANALYZE' step in 'D:/findjob/project_1/project_1.sim/sim_1/behav/xsim'
"xvlog --incr --relax -prj I2C_top_tb_vlog.prj"
INFO: [VRFC 10-2263] Analyzing Verilog file "D:/findjob/project_1/project_1.srcs/sources_1/new/I2C_top.v" into library xil_defaultlib
INFO: [VRFC 10-311] analyzing module I2C_top
WARNING: [VRFC 10-3676] redeclaration of ansi port 'i2c_scl' is not allowed [D:/findjob/project_1/project_1.srcs/sources_1/new/I2C_top.v:71]
INFO: [VRFC 10-2263] Analyzing Verilog file "D:/findjob/project_1/project_1.srcs/sim_1/new/I2C_top_tb.v" into library xil_defaultlib
INFO: [VRFC 10-311] analyzing module I2C_top_tb
INFO: [USF-XSim-69] 'compile' step finished in '1' seconds
INFO: [USF-XSim-3] XSim::Elaborate design
INFO: [USF-XSim-61] Executing 'ELABORATE' step in 'D:/findjob/project_1/project_1.sim/sim_1/behav/xsim'
"xelab -wto 78618b26c6384b86a3b48550143a7297 --incr --debug typical --relax --mt 2 -L xil_defaultlib -L unisims_ver -L unimacro_ver -L secureip --snapshot I2C_top_tb_behav xil_defaultlib.I2C_top_tb xil_defaultlib.glbl -log elaborate.log"
Vivado Simulator 2019.1
Copyright 1986-1999, 2001-2019 Xilinx, Inc. All Rights Reserved.
Running: D:/vivado/Vivado/2019.1/bin/unwrapped/win64.o/xelab.exe -wto 78618b26c6384b86a3b48550143a7297 --incr --debug typical --relax --mt 2 -L xil_defaultlib -L unisims_ver -L unimacro_ver -L secureip --snapshot I2C_top_tb_behav xil_defaultlib.I2C_top_tb xil_defaultlib.glbl -log elaborate.log 
Using 2 slave threads.
Starting static elaboration
WARNING: [VRFC 10-3091] actual bit length 32 differs from formal bit length 1 for port 'i_master_type' [D:/findjob/project_1/project_1.srcs/sim_1/new/I2C_top_tb.v:40]
WARNING: [VRFC 10-3091] actual bit length 32 differs from formal bit length 1 for port 'i_master_vaild' [D:/findjob/project_1/project_1.srcs/sim_1/new/I2C_top_tb.v:41]
Completed static elaboration
Starting simulation data flow analysis
Completed simulation data flow analysis
Time Resolution for simulation is 1ps
Compiling module xil_defaultlib.I2C_top
Compiling module xil_defaultlib.I2C_top_tb
Compiling module xil_defaultlib.glbl
Built simulation snapshot I2C_top_tb_behav
INFO: [USF-XSim-69] 'elaborate' step finished in '1' seconds
INFO: [USF-XSim-4] XSim::Simulate design
INFO: [USF-XSim-61] Executing 'SIMULATE' step in 'D:/findjob/project_1/project_1.sim/sim_1/behav/xsim'
INFO: [USF-XSim-98] *** Running xsim
   with args "I2C_top_tb_behav -key {Behavioral:sim_1:Functional:I2C_top_tb} -tclbatch {I2C_top_tb.tcl} -log {simulate.log}"
INFO: [USF-XSim-8] Loading simulator feature
Vivado Simulator 2019.1
Time resolution is 1 ps
source I2C_top_tb.tcl
# set curr_wave [current_wave_config]
# if { [string length $curr_wave] == 0 } {
#   if { [llength [get_objects]] > 0} {
#     add_wave /
#     set_property needs_save false [current_wave_config]
#   } else {
#      send_msg_id Add_Wave-1 WARNING "No top level signals found. Simulator will start without a wave window. If you want to open a wave window go to 'File->New Waveform Configuration' or type 'create_wave_config' in the TCL console."
#   }
# }
# run 1000ns
INFO: [USF-XSim-96] XSim completed. Design snapshot 'I2C_top_tb_behav' loaded.
INFO: [USF-XSim-97] XSim simulation ran for 1000ns
launch_simulation: Time (s): cpu = 00:00:00 ; elapsed = 00:00:05 . Memory (MB): peak = 891.184 ; gain = 0.000
run 1000 us
current_wave_config {Untitled 2}
Untitled 2
add_wave {{/I2C_top_tb/test}} 
restart
INFO: [Simtcl 6-17] Simulation restarted
restart: Time (s): cpu = 00:00:00 ; elapsed = 00:00:07 . Memory (MB): peak = 891.184 ; gain = 0.000
run 1000 us
close_sim
INFO: [Simtcl 6-16] Simulation closed
launch_simulation
INFO: [Vivado 12-5682] Launching behavioral simulation in 'D:/findjob/project_1/project_1.sim/sim_1/behav/xsim'
INFO: [SIM-utils-51] Simulation object is 'sim_1'
INFO: [SIM-utils-54] Inspecting design source files for 'I2C_top_tb' in fileset 'sim_1'...
INFO: [USF-XSim-97] Finding global include files...
INFO: [USF-XSim-98] Fetching design files from 'sim_1'...
INFO: [USF-XSim-2] XSim::Compile design
INFO: [USF-XSim-61] Executing 'COMPILE and ANALYZE' step in 'D:/findjob/project_1/project_1.sim/sim_1/behav/xsim'
"xvlog --incr --relax -prj I2C_top_tb_vlog.prj"
INFO: [VRFC 10-2263] Analyzing Verilog file "D:/findjob/project_1/project_1.srcs/sources_1/new/I2C_top.v" into library xil_defaultlib
INFO: [VRFC 10-311] analyzing module I2C_top
WARNING: [VRFC 10-3676] redeclaration of ansi port 'i2c_scl' is not allowed [D:/findjob/project_1/project_1.srcs/sources_1/new/I2C_top.v:71]
INFO: [VRFC 10-2263] Analyzing Verilog file "D:/findjob/project_1/project_1.srcs/sim_1/new/I2C_top_tb.v" into library xil_defaultlib
INFO: [VRFC 10-311] analyzing module I2C_top_tb
INFO: [USF-XSim-69] 'compile' step finished in '1' seconds
INFO: [USF-XSim-3] XSim::Elaborate design
INFO: [USF-XSim-61] Executing 'ELABORATE' step in 'D:/findjob/project_1/project_1.sim/sim_1/behav/xsim'
"xelab -wto 78618b26c6384b86a3b48550143a7297 --incr --debug typical --relax --mt 2 -L xil_defaultlib -L unisims_ver -L unimacro_ver -L secureip --snapshot I2C_top_tb_behav xil_defaultlib.I2C_top_tb xil_defaultlib.glbl -log elaborate.log"
Vivado Simulator 2019.1
Copyright 1986-1999, 2001-2019 Xilinx, Inc. All Rights Reserved.
Running: D:/vivado/Vivado/2019.1/bin/unwrapped/win64.o/xelab.exe -wto 78618b26c6384b86a3b48550143a7297 --incr --debug typical --relax --mt 2 -L xil_defaultlib -L unisims_ver -L unimacro_ver -L secureip --snapshot I2C_top_tb_behav xil_defaultlib.I2C_top_tb xil_defaultlib.glbl -log elaborate.log 
Using 2 slave threads.
Starting static elaboration
WARNING: [VRFC 10-3091] actual bit length 32 differs from formal bit length 1 for port 'i_master_type' [D:/findjob/project_1/project_1.srcs/sim_1/new/I2C_top_tb.v:40]
WARNING: [VRFC 10-3091] actual bit length 32 differs from formal bit length 1 for port 'i_master_vaild' [D:/findjob/project_1/project_1.srcs/sim_1/new/I2C_top_tb.v:41]
Completed static elaboration
Starting simulation data flow analysis
Completed simulation data flow analysis
Time Resolution for simulation is 1ps
Compiling module xil_defaultlib.I2C_top
Compiling module xil_defaultlib.I2C_top_tb
Compiling module xil_defaultlib.glbl
Built simulation snapshot I2C_top_tb_behav
INFO: [USF-XSim-69] 'elaborate' step finished in '1' seconds
INFO: [USF-XSim-4] XSim::Simulate design
INFO: [USF-XSim-61] Executing 'SIMULATE' step in 'D:/findjob/project_1/project_1.sim/sim_1/behav/xsim'
INFO: [USF-XSim-98] *** Running xsim
   with args "I2C_top_tb_behav -key {Behavioral:sim_1:Functional:I2C_top_tb} -tclbatch {I2C_top_tb.tcl} -log {simulate.log}"
INFO: [USF-XSim-8] Loading simulator feature
Vivado Simulator 2019.1
Time resolution is 1 ps
source I2C_top_tb.tcl
# set curr_wave [current_wave_config]
# if { [string length $curr_wave] == 0 } {
#   if { [llength [get_objects]] > 0} {
#     add_wave /
#     set_property needs_save false [current_wave_config]
#   } else {
#      send_msg_id Add_Wave-1 WARNING "No top level signals found. Simulator will start without a wave window. If you want to open a wave window go to 'File->New Waveform Configuration' or type 'create_wave_config' in the TCL console."
#   }
# }
# run 1000ns
INFO: [USF-XSim-96] XSim completed. Design snapshot 'I2C_top_tb_behav' loaded.
INFO: [USF-XSim-97] XSim simulation ran for 1000ns
launch_simulation: Time (s): cpu = 00:00:01 ; elapsed = 00:00:05 . Memory (MB): peak = 891.184 ; gain = 0.000
restart
INFO: [Simtcl 6-17] Simulation restarted
current_wave_config {Untitled 3}
Untitled 3
add_wave {{/I2C_top_tb/test}} 
run 1000 us
close_sim
INFO: [Simtcl 6-16] Simulation closed
launch_simulation
INFO: [Vivado 12-5682] Launching behavioral simulation in 'D:/findjob/project_1/project_1.sim/sim_1/behav/xsim'
INFO: [SIM-utils-51] Simulation object is 'sim_1'
INFO: [SIM-utils-54] Inspecting design source files for 'I2C_top_tb' in fileset 'sim_1'...
INFO: [USF-XSim-97] Finding global include files...
INFO: [USF-XSim-98] Fetching design files from 'sim_1'...
INFO: [USF-XSim-2] XSim::Compile design
INFO: [USF-XSim-61] Executing 'COMPILE and ANALYZE' step in 'D:/findjob/project_1/project_1.sim/sim_1/behav/xsim'
"xvlog --incr --relax -prj I2C_top_tb_vlog.prj"
INFO: [VRFC 10-2263] Analyzing Verilog file "D:/findjob/project_1/project_1.srcs/sources_1/new/I2C_top.v" into library xil_defaultlib
INFO: [VRFC 10-311] analyzing module I2C_top
WARNING: [VRFC 10-3676] redeclaration of ansi port 'i2c_scl' is not allowed [D:/findjob/project_1/project_1.srcs/sources_1/new/I2C_top.v:71]
INFO: [VRFC 10-2263] Analyzing Verilog file "D:/findjob/project_1/project_1.srcs/sim_1/new/I2C_top_tb.v" into library xil_defaultlib
INFO: [VRFC 10-311] analyzing module I2C_top_tb
INFO: [USF-XSim-69] 'compile' step finished in '1' seconds
INFO: [USF-XSim-3] XSim::Elaborate design
INFO: [USF-XSim-61] Executing 'ELABORATE' step in 'D:/findjob/project_1/project_1.sim/sim_1/behav/xsim'
"xelab -wto 78618b26c6384b86a3b48550143a7297 --incr --debug typical --relax --mt 2 -L xil_defaultlib -L unisims_ver -L unimacro_ver -L secureip --snapshot I2C_top_tb_behav xil_defaultlib.I2C_top_tb xil_defaultlib.glbl -log elaborate.log"
Vivado Simulator 2019.1
Copyright 1986-1999, 2001-2019 Xilinx, Inc. All Rights Reserved.
Running: D:/vivado/Vivado/2019.1/bin/unwrapped/win64.o/xelab.exe -wto 78618b26c6384b86a3b48550143a7297 --incr --debug typical --relax --mt 2 -L xil_defaultlib -L unisims_ver -L unimacro_ver -L secureip --snapshot I2C_top_tb_behav xil_defaultlib.I2C_top_tb xil_defaultlib.glbl -log elaborate.log 
Using 2 slave threads.
Starting static elaboration
WARNING: [VRFC 10-3091] actual bit length 32 differs from formal bit length 1 for port 'i_master_type' [D:/findjob/project_1/project_1.srcs/sim_1/new/I2C_top_tb.v:40]
WARNING: [VRFC 10-3091] actual bit length 32 differs from formal bit length 1 for port 'i_master_vaild' [D:/findjob/project_1/project_1.srcs/sim_1/new/I2C_top_tb.v:41]
Completed static elaboration
Starting simulation data flow analysis
Completed simulation data flow analysis
Time Resolution for simulation is 1ps
Compiling module xil_defaultlib.I2C_top
Compiling module xil_defaultlib.I2C_top_tb
Compiling module xil_defaultlib.glbl
Built simulation snapshot I2C_top_tb_behav
INFO: [USF-XSim-69] 'elaborate' step finished in '1' seconds
INFO: [USF-XSim-4] XSim::Simulate design
INFO: [USF-XSim-61] Executing 'SIMULATE' step in 'D:/findjob/project_1/project_1.sim/sim_1/behav/xsim'
INFO: [USF-XSim-98] *** Running xsim
   with args "I2C_top_tb_behav -key {Behavioral:sim_1:Functional:I2C_top_tb} -tclbatch {I2C_top_tb.tcl} -log {simulate.log}"
INFO: [USF-XSim-8] Loading simulator feature
Vivado Simulator 2019.1
Time resolution is 1 ps
source I2C_top_tb.tcl
# set curr_wave [current_wave_config]
# if { [string length $curr_wave] == 0 } {
#   if { [llength [get_objects]] > 0} {
#     add_wave /
#     set_property needs_save false [current_wave_config]
#   } else {
#      send_msg_id Add_Wave-1 WARNING "No top level signals found. Simulator will start without a wave window. If you want to open a wave window go to 'File->New Waveform Configuration' or type 'create_wave_config' in the TCL console."
#   }
# }
# run 1000ns
INFO: [USF-XSim-96] XSim completed. Design snapshot 'I2C_top_tb_behav' loaded.
INFO: [USF-XSim-97] XSim simulation ran for 1000ns
launch_simulation: Time (s): cpu = 00:00:00 ; elapsed = 00:00:05 . Memory (MB): peak = 894.480 ; gain = 0.000
current_wave_config {Untitled 4}
Untitled 4
add_wave {{/I2C_top_tb/test}} 
restart
INFO: [Simtcl 6-17] Simulation restarted
restart: Time (s): cpu = 00:00:00 ; elapsed = 00:00:07 . Memory (MB): peak = 894.480 ; gain = 0.000
run 1000 us
add_bp {D:/findjob/project_1/project_1.srcs/sources_1/new/I2C_top.v} 167
restart
INFO: [Simtcl 6-17] Simulation restarted
run 1000 us
Stopped at time : 5050 ns : File "D:/findjob/project_1/project_1.srcs/sources_1/new/I2C_top.v" Line 167
run 1000 us
Stopped at time : 5150 ns : File "D:/findjob/project_1/project_1.srcs/sources_1/new/I2C_top.v" Line 167
run 1000 us
Stopped at time : 5450 ns : File "D:/findjob/project_1/project_1.srcs/sources_1/new/I2C_top.v" Line 167
run 1000 us
Stopped at time : 5550 ns : File "D:/findjob/project_1/project_1.srcs/sources_1/new/I2C_top.v" Line 167
restart
INFO: [Simtcl 6-17] Simulation restarted
run 1000 us
Stopped at time : 5050 ns : File "D:/findjob/project_1/project_1.srcs/sources_1/new/I2C_top.v" Line 167
run 1000 us
Stopped at time : 5150 ns : File "D:/findjob/project_1/project_1.srcs/sources_1/new/I2C_top.v" Line 167
run 1000 us
Stopped at time : 5450 ns : File "D:/findjob/project_1/project_1.srcs/sources_1/new/I2C_top.v" Line 167
add_bp {D:/findjob/project_1/project_1.srcs/sources_1/new/I2C_top.v} 165
restart
INFO: [Simtcl 6-17] Simulation restarted
run 1000 us
Stopped at time : 5050 ns : File "D:/findjob/project_1/project_1.srcs/sources_1/new/I2C_top.v" Line 167
close_sim
INFO: [Simtcl 6-16] Simulation closed
launch_simulation
INFO: [Vivado 12-5682] Launching behavioral simulation in 'D:/findjob/project_1/project_1.sim/sim_1/behav/xsim'
INFO: [SIM-utils-51] Simulation object is 'sim_1'
INFO: [SIM-utils-54] Inspecting design source files for 'I2C_top_tb' in fileset 'sim_1'...
INFO: [USF-XSim-97] Finding global include files...
INFO: [USF-XSim-98] Fetching design files from 'sim_1'...
INFO: [USF-XSim-2] XSim::Compile design
INFO: [USF-XSim-61] Executing 'COMPILE and ANALYZE' step in 'D:/findjob/project_1/project_1.sim/sim_1/behav/xsim'
"xvlog --incr --relax -prj I2C_top_tb_vlog.prj"
INFO: [VRFC 10-2263] Analyzing Verilog file "D:/findjob/project_1/project_1.srcs/sources_1/new/I2C_top.v" into library xil_defaultlib
INFO: [VRFC 10-311] analyzing module I2C_top
WARNING: [VRFC 10-3676] redeclaration of ansi port 'i2c_scl' is not allowed [D:/findjob/project_1/project_1.srcs/sources_1/new/I2C_top.v:71]
INFO: [VRFC 10-2263] Analyzing Verilog file "D:/findjob/project_1/project_1.srcs/sim_1/new/I2C_top_tb.v" into library xil_defaultlib
INFO: [VRFC 10-311] analyzing module I2C_top_tb
INFO: [USF-XSim-69] 'compile' step finished in '1' seconds
INFO: [USF-XSim-3] XSim::Elaborate design
INFO: [USF-XSim-61] Executing 'ELABORATE' step in 'D:/findjob/project_1/project_1.sim/sim_1/behav/xsim'
"xelab -wto 78618b26c6384b86a3b48550143a7297 --incr --debug typical --relax --mt 2 -L xil_defaultlib -L unisims_ver -L unimacro_ver -L secureip --snapshot I2C_top_tb_behav xil_defaultlib.I2C_top_tb xil_defaultlib.glbl -log elaborate.log"
Vivado Simulator 2019.1
Copyright 1986-1999, 2001-2019 Xilinx, Inc. All Rights Reserved.
Running: D:/vivado/Vivado/2019.1/bin/unwrapped/win64.o/xelab.exe -wto 78618b26c6384b86a3b48550143a7297 --incr --debug typical --relax --mt 2 -L xil_defaultlib -L unisims_ver -L unimacro_ver -L secureip --snapshot I2C_top_tb_behav xil_defaultlib.I2C_top_tb xil_defaultlib.glbl -log elaborate.log 
Using 2 slave threads.
Starting static elaboration
WARNING: [VRFC 10-3091] actual bit length 32 differs from formal bit length 1 for port 'i_master_type' [D:/findjob/project_1/project_1.srcs/sim_1/new/I2C_top_tb.v:40]
WARNING: [VRFC 10-3091] actual bit length 32 differs from formal bit length 1 for port 'i_master_vaild' [D:/findjob/project_1/project_1.srcs/sim_1/new/I2C_top_tb.v:41]
Completed static elaboration
Starting simulation data flow analysis
Completed simulation data flow analysis
Time Resolution for simulation is 1ps
Compiling module xil_defaultlib.I2C_top
Compiling module xil_defaultlib.I2C_top_tb
Compiling module xil_defaultlib.glbl
Built simulation snapshot I2C_top_tb_behav
INFO: [USF-XSim-69] 'elaborate' step finished in '1' seconds
INFO: [USF-XSim-4] XSim::Simulate design
INFO: [USF-XSim-61] Executing 'SIMULATE' step in 'D:/findjob/project_1/project_1.sim/sim_1/behav/xsim'
INFO: [USF-XSim-98] *** Running xsim
   with args "I2C_top_tb_behav -key {Behavioral:sim_1:Functional:I2C_top_tb} -tclbatch {I2C_top_tb.tcl} -log {simulate.log}"
INFO: [USF-XSim-8] Loading simulator feature
Vivado Simulator 2019.1
Time resolution is 1 ps
source I2C_top_tb.tcl
# set curr_wave [current_wave_config]
# if { [string length $curr_wave] == 0 } {
#   if { [llength [get_objects]] > 0} {
#     add_wave /
#     set_property needs_save false [current_wave_config]
#   } else {
#      send_msg_id Add_Wave-1 WARNING "No top level signals found. Simulator will start without a wave window. If you want to open a wave window go to 'File->New Waveform Configuration' or type 'create_wave_config' in the TCL console."
#   }
# }
# run 1000ns
INFO: [USF-XSim-96] XSim completed. Design snapshot 'I2C_top_tb_behav' loaded.
INFO: [USF-XSim-97] XSim simulation ran for 1000ns
launch_simulation: Time (s): cpu = 00:00:01 ; elapsed = 00:00:05 . Memory (MB): peak = 894.480 ; gain = 0.000
restart
INFO: [Simtcl 6-17] Simulation restarted
current_wave_config {}
WARNING: [Wavedata 42-16] Error Unable to get wave configuration ''.
Untitled 5
add_wave {{/I2C_top_tb/test}} 
run 1000 us
Stopped at time : 5250 ns : File "D:/findjob/project_1/project_1.srcs/sources_1/new/I2C_top.v" Line 165
run 1000 us
Stopped at time : 5350 ns : File "D:/findjob/project_1/project_1.srcs/sources_1/new/I2C_top.v" Line 165
remove_bps -file {D:/findjob/project_1/project_1.srcs/sources_1/new/I2C_top.v} -line 165
remove_bps -file {D:/findjob/project_1/project_1.srcs/sources_1/new/I2C_top.v} -line 167
run 1000 us
add_bp {D:/findjob/project_1/project_1.srcs/sources_1/new/I2C_top.v} 167
restart
INFO: [Simtcl 6-17] Simulation restarted
run 1000 us
Stopped at time : 5450 ns : File "D:/findjob/project_1/project_1.srcs/sources_1/new/I2C_top.v" Line 167
close_sim
INFO: [Simtcl 6-16] Simulation closed
launch_simulation
INFO: [Vivado 12-5682] Launching behavioral simulation in 'D:/findjob/project_1/project_1.sim/sim_1/behav/xsim'
INFO: [SIM-utils-51] Simulation object is 'sim_1'
INFO: [SIM-utils-54] Inspecting design source files for 'I2C_top_tb' in fileset 'sim_1'...
INFO: [USF-XSim-97] Finding global include files...
INFO: [USF-XSim-98] Fetching design files from 'sim_1'...
INFO: [USF-XSim-2] XSim::Compile design
INFO: [USF-XSim-61] Executing 'COMPILE and ANALYZE' step in 'D:/findjob/project_1/project_1.sim/sim_1/behav/xsim'
"xvlog --incr --relax -prj I2C_top_tb_vlog.prj"
INFO: [VRFC 10-2263] Analyzing Verilog file "D:/findjob/project_1/project_1.srcs/sources_1/new/I2C_top.v" into library xil_defaultlib
INFO: [VRFC 10-311] analyzing module I2C_top
WARNING: [VRFC 10-3676] redeclaration of ansi port 'i2c_scl' is not allowed [D:/findjob/project_1/project_1.srcs/sources_1/new/I2C_top.v:71]
INFO: [VRFC 10-2263] Analyzing Verilog file "D:/findjob/project_1/project_1.srcs/sim_1/new/I2C_top_tb.v" into library xil_defaultlib
INFO: [VRFC 10-311] analyzing module I2C_top_tb
INFO: [USF-XSim-69] 'compile' step finished in '1' seconds
INFO: [USF-XSim-3] XSim::Elaborate design
INFO: [USF-XSim-61] Executing 'ELABORATE' step in 'D:/findjob/project_1/project_1.sim/sim_1/behav/xsim'
"xelab -wto 78618b26c6384b86a3b48550143a7297 --incr --debug typical --relax --mt 2 -L xil_defaultlib -L unisims_ver -L unimacro_ver -L secureip --snapshot I2C_top_tb_behav xil_defaultlib.I2C_top_tb xil_defaultlib.glbl -log elaborate.log"
Vivado Simulator 2019.1
Copyright 1986-1999, 2001-2019 Xilinx, Inc. All Rights Reserved.
Running: D:/vivado/Vivado/2019.1/bin/unwrapped/win64.o/xelab.exe -wto 78618b26c6384b86a3b48550143a7297 --incr --debug typical --relax --mt 2 -L xil_defaultlib -L unisims_ver -L unimacro_ver -L secureip --snapshot I2C_top_tb_behav xil_defaultlib.I2C_top_tb xil_defaultlib.glbl -log elaborate.log 
Using 2 slave threads.
Starting static elaboration
WARNING: [VRFC 10-3091] actual bit length 32 differs from formal bit length 1 for port 'i_master_type' [D:/findjob/project_1/project_1.srcs/sim_1/new/I2C_top_tb.v:40]
WARNING: [VRFC 10-3091] actual bit length 32 differs from formal bit length 1 for port 'i_master_vaild' [D:/findjob/project_1/project_1.srcs/sim_1/new/I2C_top_tb.v:41]
Completed static elaboration
Starting simulation data flow analysis
Completed simulation data flow analysis
Time Resolution for simulation is 1ps
Compiling module xil_defaultlib.I2C_top
Compiling module xil_defaultlib.I2C_top_tb
Compiling module xil_defaultlib.glbl
Built simulation snapshot I2C_top_tb_behav
INFO: [USF-XSim-69] 'elaborate' step finished in '1' seconds
INFO: [USF-XSim-4] XSim::Simulate design
INFO: [USF-XSim-61] Executing 'SIMULATE' step in 'D:/findjob/project_1/project_1.sim/sim_1/behav/xsim'
INFO: [USF-XSim-98] *** Running xsim
   with args "I2C_top_tb_behav -key {Behavioral:sim_1:Functional:I2C_top_tb} -tclbatch {I2C_top_tb.tcl} -log {simulate.log}"
INFO: [USF-XSim-8] Loading simulator feature
Vivado Simulator 2019.1
Time resolution is 1 ps
source I2C_top_tb.tcl
# set curr_wave [current_wave_config]
# if { [string length $curr_wave] == 0 } {
#   if { [llength [get_objects]] > 0} {
#     add_wave /
#     set_property needs_save false [current_wave_config]
#   } else {
#      send_msg_id Add_Wave-1 WARNING "No top level signals found. Simulator will start without a wave window. If you want to open a wave window go to 'File->New Waveform Configuration' or type 'create_wave_config' in the TCL console."
#   }
# }
# run 1000ns
INFO: [USF-XSim-96] XSim completed. Design snapshot 'I2C_top_tb_behav' loaded.
INFO: [USF-XSim-97] XSim simulation ran for 1000ns
launch_simulation: Time (s): cpu = 00:00:01 ; elapsed = 00:00:05 . Memory (MB): peak = 910.375 ; gain = 0.000
current_wave_config {Untitled 6}
Untitled 6
add_wave {{/I2C_top_tb/test}} 
run 1000 us
Stopped at time : 5450 ns : File "D:/findjob/project_1/project_1.srcs/sources_1/new/I2C_top.v" Line 167
run 1000 us
Stopped at time : 5550 ns : File "D:/findjob/project_1/project_1.srcs/sources_1/new/I2C_top.v" Line 167
restart
INFO: [Simtcl 6-17] Simulation restarted
run 1000 us
Stopped at time : 5450 ns : File "D:/findjob/project_1/project_1.srcs/sources_1/new/I2C_top.v" Line 167
close_sim
INFO: [Simtcl 6-16] Simulation closed
launch_simulation
INFO: [Vivado 12-5682] Launching behavioral simulation in 'D:/findjob/project_1/project_1.sim/sim_1/behav/xsim'
INFO: [SIM-utils-51] Simulation object is 'sim_1'
INFO: [SIM-utils-54] Inspecting design source files for 'I2C_top_tb' in fileset 'sim_1'...
INFO: [USF-XSim-97] Finding global include files...
INFO: [USF-XSim-98] Fetching design files from 'sim_1'...
INFO: [USF-XSim-2] XSim::Compile design
INFO: [USF-XSim-61] Executing 'COMPILE and ANALYZE' step in 'D:/findjob/project_1/project_1.sim/sim_1/behav/xsim'
"xvlog --incr --relax -prj I2C_top_tb_vlog.prj"
INFO: [VRFC 10-2263] Analyzing Verilog file "D:/findjob/project_1/project_1.srcs/sources_1/new/I2C_top.v" into library xil_defaultlib
INFO: [VRFC 10-311] analyzing module I2C_top
WARNING: [VRFC 10-3676] redeclaration of ansi port 'i2c_scl' is not allowed [D:/findjob/project_1/project_1.srcs/sources_1/new/I2C_top.v:71]
INFO: [VRFC 10-2263] Analyzing Verilog file "D:/findjob/project_1/project_1.srcs/sim_1/new/I2C_top_tb.v" into library xil_defaultlib
INFO: [VRFC 10-311] analyzing module I2C_top_tb
INFO: [USF-XSim-69] 'compile' step finished in '1' seconds
INFO: [USF-XSim-3] XSim::Elaborate design
INFO: [USF-XSim-61] Executing 'ELABORATE' step in 'D:/findjob/project_1/project_1.sim/sim_1/behav/xsim'
"xelab -wto 78618b26c6384b86a3b48550143a7297 --incr --debug typical --relax --mt 2 -L xil_defaultlib -L unisims_ver -L unimacro_ver -L secureip --snapshot I2C_top_tb_behav xil_defaultlib.I2C_top_tb xil_defaultlib.glbl -log elaborate.log"
Vivado Simulator 2019.1
Copyright 1986-1999, 2001-2019 Xilinx, Inc. All Rights Reserved.
Running: D:/vivado/Vivado/2019.1/bin/unwrapped/win64.o/xelab.exe -wto 78618b26c6384b86a3b48550143a7297 --incr --debug typical --relax --mt 2 -L xil_defaultlib -L unisims_ver -L unimacro_ver -L secureip --snapshot I2C_top_tb_behav xil_defaultlib.I2C_top_tb xil_defaultlib.glbl -log elaborate.log 
Using 2 slave threads.
Starting static elaboration
WARNING: [VRFC 10-3091] actual bit length 32 differs from formal bit length 1 for port 'i_master_type' [D:/findjob/project_1/project_1.srcs/sim_1/new/I2C_top_tb.v:40]
WARNING: [VRFC 10-3091] actual bit length 32 differs from formal bit length 1 for port 'i_master_vaild' [D:/findjob/project_1/project_1.srcs/sim_1/new/I2C_top_tb.v:41]
Completed static elaboration
Starting simulation data flow analysis
Completed simulation data flow analysis
Time Resolution for simulation is 1ps
Compiling module xil_defaultlib.I2C_top
Compiling module xil_defaultlib.I2C_top_tb
Compiling module xil_defaultlib.glbl
Built simulation snapshot I2C_top_tb_behav
INFO: [USF-XSim-69] 'elaborate' step finished in '1' seconds
INFO: [USF-XSim-4] XSim::Simulate design
INFO: [USF-XSim-61] Executing 'SIMULATE' step in 'D:/findjob/project_1/project_1.sim/sim_1/behav/xsim'
INFO: [USF-XSim-98] *** Running xsim
   with args "I2C_top_tb_behav -key {Behavioral:sim_1:Functional:I2C_top_tb} -tclbatch {I2C_top_tb.tcl} -log {simulate.log}"
INFO: [USF-XSim-8] Loading simulator feature
Vivado Simulator 2019.1
Time resolution is 1 ps
source I2C_top_tb.tcl
# set curr_wave [current_wave_config]
# if { [string length $curr_wave] == 0 } {
#   if { [llength [get_objects]] > 0} {
#     add_wave /
#     set_property needs_save false [current_wave_config]
#   } else {
#      send_msg_id Add_Wave-1 WARNING "No top level signals found. Simulator will start without a wave window. If you want to open a wave window go to 'File->New Waveform Configuration' or type 'create_wave_config' in the TCL console."
#   }
# }
# run 1000ns
INFO: [USF-XSim-96] XSim completed. Design snapshot 'I2C_top_tb_behav' loaded.
INFO: [USF-XSim-97] XSim simulation ran for 1000ns
launch_simulation: Time (s): cpu = 00:00:01 ; elapsed = 00:00:05 . Memory (MB): peak = 910.375 ; gain = 0.000
run 1000 us
Stopped at time : 5450 ns : File "D:/findjob/project_1/project_1.srcs/sources_1/new/I2C_top.v" Line 167
current_wave_config {Untitled 7}
Untitled 7
add_wave {{/I2C_top_tb/test}} 
restart
INFO: [Simtcl 6-17] Simulation restarted
run 1000 us
Stopped at time : 5450 ns : File "D:/findjob/project_1/project_1.srcs/sources_1/new/I2C_top.v" Line 167
run 1000 us
Stopped at time : 5550 ns : File "D:/findjob/project_1/project_1.srcs/sources_1/new/I2C_top.v" Line 167
close_sim
INFO: [Simtcl 6-16] Simulation closed
launch_simulation
INFO: [Vivado 12-5682] Launching behavioral simulation in 'D:/findjob/project_1/project_1.sim/sim_1/behav/xsim'
INFO: [SIM-utils-51] Simulation object is 'sim_1'
INFO: [SIM-utils-54] Inspecting design source files for 'I2C_top_tb' in fileset 'sim_1'...
INFO: [USF-XSim-97] Finding global include files...
INFO: [USF-XSim-98] Fetching design files from 'sim_1'...
INFO: [USF-XSim-2] XSim::Compile design
INFO: [USF-XSim-61] Executing 'COMPILE and ANALYZE' step in 'D:/findjob/project_1/project_1.sim/sim_1/behav/xsim'
"xvlog --incr --relax -prj I2C_top_tb_vlog.prj"
INFO: [VRFC 10-2263] Analyzing Verilog file "D:/findjob/project_1/project_1.srcs/sources_1/new/I2C_top.v" into library xil_defaultlib
INFO: [VRFC 10-311] analyzing module I2C_top
WARNING: [VRFC 10-3676] redeclaration of ansi port 'i2c_scl' is not allowed [D:/findjob/project_1/project_1.srcs/sources_1/new/I2C_top.v:71]
INFO: [VRFC 10-2263] Analyzing Verilog file "D:/findjob/project_1/project_1.srcs/sim_1/new/I2C_top_tb.v" into library xil_defaultlib
INFO: [VRFC 10-311] analyzing module I2C_top_tb
INFO: [USF-XSim-69] 'compile' step finished in '1' seconds
INFO: [USF-XSim-3] XSim::Elaborate design
INFO: [USF-XSim-61] Executing 'ELABORATE' step in 'D:/findjob/project_1/project_1.sim/sim_1/behav/xsim'
"xelab -wto 78618b26c6384b86a3b48550143a7297 --incr --debug typical --relax --mt 2 -L xil_defaultlib -L unisims_ver -L unimacro_ver -L secureip --snapshot I2C_top_tb_behav xil_defaultlib.I2C_top_tb xil_defaultlib.glbl -log elaborate.log"
Vivado Simulator 2019.1
Copyright 1986-1999, 2001-2019 Xilinx, Inc. All Rights Reserved.
Running: D:/vivado/Vivado/2019.1/bin/unwrapped/win64.o/xelab.exe -wto 78618b26c6384b86a3b48550143a7297 --incr --debug typical --relax --mt 2 -L xil_defaultlib -L unisims_ver -L unimacro_ver -L secureip --snapshot I2C_top_tb_behav xil_defaultlib.I2C_top_tb xil_defaultlib.glbl -log elaborate.log 
Using 2 slave threads.
Starting static elaboration
WARNING: [VRFC 10-3091] actual bit length 32 differs from formal bit length 1 for port 'i_master_type' [D:/findjob/project_1/project_1.srcs/sim_1/new/I2C_top_tb.v:40]
WARNING: [VRFC 10-3091] actual bit length 32 differs from formal bit length 1 for port 'i_master_vaild' [D:/findjob/project_1/project_1.srcs/sim_1/new/I2C_top_tb.v:41]
Completed static elaboration
Starting simulation data flow analysis
Completed simulation data flow analysis
Time Resolution for simulation is 1ps
Compiling module xil_defaultlib.I2C_top
Compiling module xil_defaultlib.I2C_top_tb
Compiling module xil_defaultlib.glbl
Built simulation snapshot I2C_top_tb_behav
INFO: [USF-XSim-69] 'elaborate' step finished in '1' seconds
INFO: [USF-XSim-4] XSim::Simulate design
INFO: [USF-XSim-61] Executing 'SIMULATE' step in 'D:/findjob/project_1/project_1.sim/sim_1/behav/xsim'
INFO: [USF-XSim-98] *** Running xsim
   with args "I2C_top_tb_behav -key {Behavioral:sim_1:Functional:I2C_top_tb} -tclbatch {I2C_top_tb.tcl} -log {simulate.log}"
INFO: [USF-XSim-8] Loading simulator feature
Vivado Simulator 2019.1
Time resolution is 1 ps
source I2C_top_tb.tcl
# set curr_wave [current_wave_config]
# if { [string length $curr_wave] == 0 } {
#   if { [llength [get_objects]] > 0} {
#     add_wave /
#     set_property needs_save false [current_wave_config]
#   } else {
#      send_msg_id Add_Wave-1 WARNING "No top level signals found. Simulator will start without a wave window. If you want to open a wave window go to 'File->New Waveform Configuration' or type 'create_wave_config' in the TCL console."
#   }
# }
# run 1000ns
INFO: [USF-XSim-96] XSim completed. Design snapshot 'I2C_top_tb_behav' loaded.
INFO: [USF-XSim-97] XSim simulation ran for 1000ns
launch_simulation: Time (s): cpu = 00:00:00 ; elapsed = 00:00:05 . Memory (MB): peak = 910.375 ; gain = 0.000
run 1000 us
Stopped at time : 5450 ns : File "D:/findjob/project_1/project_1.srcs/sources_1/new/I2C_top.v" Line 167
current_wave_config {Untitled 8}
Untitled 8
add_wave {{/I2C_top_tb/test}} 
restart
INFO: [Simtcl 6-17] Simulation restarted
restart: Time (s): cpu = 00:00:00 ; elapsed = 00:00:07 . Memory (MB): peak = 910.375 ; gain = 0.000
run 1000 us
Stopped at time : 5450 ns : File "D:/findjob/project_1/project_1.srcs/sources_1/new/I2C_top.v" Line 167
close_sim
INFO: [Simtcl 6-16] Simulation closed
launch_simulation
INFO: [Vivado 12-5682] Launching behavioral simulation in 'D:/findjob/project_1/project_1.sim/sim_1/behav/xsim'
INFO: [SIM-utils-51] Simulation object is 'sim_1'
INFO: [SIM-utils-54] Inspecting design source files for 'I2C_top_tb' in fileset 'sim_1'...
INFO: [USF-XSim-97] Finding global include files...
INFO: [USF-XSim-98] Fetching design files from 'sim_1'...
INFO: [USF-XSim-2] XSim::Compile design
INFO: [USF-XSim-61] Executing 'COMPILE and ANALYZE' step in 'D:/findjob/project_1/project_1.sim/sim_1/behav/xsim'
"xvlog --incr --relax -prj I2C_top_tb_vlog.prj"
INFO: [VRFC 10-2263] Analyzing Verilog file "D:/findjob/project_1/project_1.srcs/sources_1/new/I2C_top.v" into library xil_defaultlib
INFO: [VRFC 10-311] analyzing module I2C_top
WARNING: [VRFC 10-3676] redeclaration of ansi port 'i2c_scl' is not allowed [D:/findjob/project_1/project_1.srcs/sources_1/new/I2C_top.v:71]
INFO: [VRFC 10-2263] Analyzing Verilog file "D:/findjob/project_1/project_1.srcs/sim_1/new/I2C_top_tb.v" into library xil_defaultlib
INFO: [VRFC 10-311] analyzing module I2C_top_tb
INFO: [USF-XSim-69] 'compile' step finished in '1' seconds
INFO: [USF-XSim-3] XSim::Elaborate design
INFO: [USF-XSim-61] Executing 'ELABORATE' step in 'D:/findjob/project_1/project_1.sim/sim_1/behav/xsim'
"xelab -wto 78618b26c6384b86a3b48550143a7297 --incr --debug typical --relax --mt 2 -L xil_defaultlib -L unisims_ver -L unimacro_ver -L secureip --snapshot I2C_top_tb_behav xil_defaultlib.I2C_top_tb xil_defaultlib.glbl -log elaborate.log"
Vivado Simulator 2019.1
Copyright 1986-1999, 2001-2019 Xilinx, Inc. All Rights Reserved.
Running: D:/vivado/Vivado/2019.1/bin/unwrapped/win64.o/xelab.exe -wto 78618b26c6384b86a3b48550143a7297 --incr --debug typical --relax --mt 2 -L xil_defaultlib -L unisims_ver -L unimacro_ver -L secureip --snapshot I2C_top_tb_behav xil_defaultlib.I2C_top_tb xil_defaultlib.glbl -log elaborate.log 
Using 2 slave threads.
Starting static elaboration
WARNING: [VRFC 10-3091] actual bit length 32 differs from formal bit length 1 for port 'i_master_type' [D:/findjob/project_1/project_1.srcs/sim_1/new/I2C_top_tb.v:40]
WARNING: [VRFC 10-3091] actual bit length 32 differs from formal bit length 1 for port 'i_master_vaild' [D:/findjob/project_1/project_1.srcs/sim_1/new/I2C_top_tb.v:41]
Completed static elaboration
Starting simulation data flow analysis
Completed simulation data flow analysis
Time Resolution for simulation is 1ps
Compiling module xil_defaultlib.I2C_top
Compiling module xil_defaultlib.I2C_top_tb
Compiling module xil_defaultlib.glbl
Built simulation snapshot I2C_top_tb_behav
INFO: [USF-XSim-69] 'elaborate' step finished in '1' seconds
INFO: [USF-XSim-4] XSim::Simulate design
INFO: [USF-XSim-61] Executing 'SIMULATE' step in 'D:/findjob/project_1/project_1.sim/sim_1/behav/xsim'
INFO: [USF-XSim-98] *** Running xsim
   with args "I2C_top_tb_behav -key {Behavioral:sim_1:Functional:I2C_top_tb} -tclbatch {I2C_top_tb.tcl} -log {simulate.log}"
INFO: [USF-XSim-8] Loading simulator feature
Vivado Simulator 2019.1
Time resolution is 1 ps
source I2C_top_tb.tcl
# set curr_wave [current_wave_config]
# if { [string length $curr_wave] == 0 } {
#   if { [llength [get_objects]] > 0} {
#     add_wave /
#     set_property needs_save false [current_wave_config]
#   } else {
#      send_msg_id Add_Wave-1 WARNING "No top level signals found. Simulator will start without a wave window. If you want to open a wave window go to 'File->New Waveform Configuration' or type 'create_wave_config' in the TCL console."
#   }
# }
# run 1000ns
INFO: [USF-XSim-96] XSim completed. Design snapshot 'I2C_top_tb_behav' loaded.
INFO: [USF-XSim-97] XSim simulation ran for 1000ns
launch_simulation: Time (s): cpu = 00:00:01 ; elapsed = 00:00:05 . Memory (MB): peak = 910.375 ; gain = 0.000
current_wave_config {}
WARNING: [Wavedata 42-16] Error Unable to get wave configuration ''.
Untitled 9
add_wave {{/I2C_top_tb/test}} 
run 1000 us
Stopped at time : 5450 ns : File "D:/findjob/project_1/project_1.srcs/sources_1/new/I2C_top.v" Line 167
run 1000 us
Stopped at time : 5550 ns : File "D:/findjob/project_1/project_1.srcs/sources_1/new/I2C_top.v" Line 167
run 1000 us
Stopped at time : 7150 ns : File "D:/findjob/project_1/project_1.srcs/sources_1/new/I2C_top.v" Line 167
close_sim
INFO: [Simtcl 6-16] Simulation closed
launch_simulation
INFO: [Vivado 12-5682] Launching behavioral simulation in 'D:/findjob/project_1/project_1.sim/sim_1/behav/xsim'
INFO: [SIM-utils-51] Simulation object is 'sim_1'
INFO: [SIM-utils-54] Inspecting design source files for 'I2C_top_tb' in fileset 'sim_1'...
INFO: [USF-XSim-97] Finding global include files...
INFO: [USF-XSim-98] Fetching design files from 'sim_1'...
INFO: [USF-XSim-2] XSim::Compile design
INFO: [USF-XSim-61] Executing 'COMPILE and ANALYZE' step in 'D:/findjob/project_1/project_1.sim/sim_1/behav/xsim'
"xvlog --incr --relax -prj I2C_top_tb_vlog.prj"
INFO: [VRFC 10-2263] Analyzing Verilog file "D:/findjob/project_1/project_1.srcs/sources_1/new/I2C_top.v" into library xil_defaultlib
INFO: [VRFC 10-311] analyzing module I2C_top
WARNING: [VRFC 10-3676] redeclaration of ansi port 'i2c_scl' is not allowed [D:/findjob/project_1/project_1.srcs/sources_1/new/I2C_top.v:71]
INFO: [VRFC 10-2263] Analyzing Verilog file "D:/findjob/project_1/project_1.srcs/sim_1/new/I2C_top_tb.v" into library xil_defaultlib
INFO: [VRFC 10-311] analyzing module I2C_top_tb
INFO: [USF-XSim-69] 'compile' step finished in '1' seconds
INFO: [USF-XSim-3] XSim::Elaborate design
INFO: [USF-XSim-61] Executing 'ELABORATE' step in 'D:/findjob/project_1/project_1.sim/sim_1/behav/xsim'
"xelab -wto 78618b26c6384b86a3b48550143a7297 --incr --debug typical --relax --mt 2 -L xil_defaultlib -L unisims_ver -L unimacro_ver -L secureip --snapshot I2C_top_tb_behav xil_defaultlib.I2C_top_tb xil_defaultlib.glbl -log elaborate.log"
Vivado Simulator 2019.1
Copyright 1986-1999, 2001-2019 Xilinx, Inc. All Rights Reserved.
Running: D:/vivado/Vivado/2019.1/bin/unwrapped/win64.o/xelab.exe -wto 78618b26c6384b86a3b48550143a7297 --incr --debug typical --relax --mt 2 -L xil_defaultlib -L unisims_ver -L unimacro_ver -L secureip --snapshot I2C_top_tb_behav xil_defaultlib.I2C_top_tb xil_defaultlib.glbl -log elaborate.log 
Using 2 slave threads.
Starting static elaboration
WARNING: [VRFC 10-3091] actual bit length 32 differs from formal bit length 1 for port 'i_master_type' [D:/findjob/project_1/project_1.srcs/sim_1/new/I2C_top_tb.v:40]
WARNING: [VRFC 10-3091] actual bit length 32 differs from formal bit length 1 for port 'i_master_vaild' [D:/findjob/project_1/project_1.srcs/sim_1/new/I2C_top_tb.v:41]
Completed static elaboration
Starting simulation data flow analysis
Completed simulation data flow analysis
Time Resolution for simulation is 1ps
Compiling module xil_defaultlib.I2C_top
Compiling module xil_defaultlib.I2C_top_tb
Compiling module xil_defaultlib.glbl
Built simulation snapshot I2C_top_tb_behav
INFO: [USF-XSim-69] 'elaborate' step finished in '1' seconds
INFO: [USF-XSim-4] XSim::Simulate design
INFO: [USF-XSim-61] Executing 'SIMULATE' step in 'D:/findjob/project_1/project_1.sim/sim_1/behav/xsim'
INFO: [USF-XSim-98] *** Running xsim
   with args "I2C_top_tb_behav -key {Behavioral:sim_1:Functional:I2C_top_tb} -tclbatch {I2C_top_tb.tcl} -log {simulate.log}"
INFO: [USF-XSim-8] Loading simulator feature
Vivado Simulator 2019.1
Time resolution is 1 ps
source I2C_top_tb.tcl
# set curr_wave [current_wave_config]
# if { [string length $curr_wave] == 0 } {
#   if { [llength [get_objects]] > 0} {
#     add_wave /
#     set_property needs_save false [current_wave_config]
#   } else {
#      send_msg_id Add_Wave-1 WARNING "No top level signals found. Simulator will start without a wave window. If you want to open a wave window go to 'File->New Waveform Configuration' or type 'create_wave_config' in the TCL console."
#   }
# }
# run 1000ns
INFO: [USF-XSim-96] XSim completed. Design snapshot 'I2C_top_tb_behav' loaded.
INFO: [USF-XSim-97] XSim simulation ran for 1000ns
launch_simulation: Time (s): cpu = 00:00:00 ; elapsed = 00:00:05 . Memory (MB): peak = 910.375 ; gain = 0.000
current_wave_config {Untitled 10}
Untitled 10
add_wave {{/I2C_top_tb/test}} 
restart
INFO: [Simtcl 6-17] Simulation restarted
run 1000 us
Stopped at time : 5250 ns : File "D:/findjob/project_1/project_1.srcs/sources_1/new/I2C_top.v" Line 167
run 1000 us
Stopped at time : 5350 ns : File "D:/findjob/project_1/project_1.srcs/sources_1/new/I2C_top.v" Line 167
run 1000 us
Stopped at time : 7250 ns : File "D:/findjob/project_1/project_1.srcs/sources_1/new/I2C_top.v" Line 167
close_sim
INFO: [Simtcl 6-16] Simulation closed
launch_simulation
INFO: [Vivado 12-5682] Launching behavioral simulation in 'D:/findjob/project_1/project_1.sim/sim_1/behav/xsim'
INFO: [SIM-utils-51] Simulation object is 'sim_1'
INFO: [SIM-utils-54] Inspecting design source files for 'I2C_top_tb' in fileset 'sim_1'...
INFO: [USF-XSim-97] Finding global include files...
INFO: [USF-XSim-98] Fetching design files from 'sim_1'...
INFO: [USF-XSim-2] XSim::Compile design
INFO: [USF-XSim-61] Executing 'COMPILE and ANALYZE' step in 'D:/findjob/project_1/project_1.sim/sim_1/behav/xsim'
"xvlog --incr --relax -prj I2C_top_tb_vlog.prj"
INFO: [VRFC 10-2263] Analyzing Verilog file "D:/findjob/project_1/project_1.srcs/sources_1/new/I2C_top.v" into library xil_defaultlib
INFO: [VRFC 10-311] analyzing module I2C_top
WARNING: [VRFC 10-3676] redeclaration of ansi port 'i2c_scl' is not allowed [D:/findjob/project_1/project_1.srcs/sources_1/new/I2C_top.v:71]
ERROR: [VRFC 10-4982] syntax error near 'end' [D:/findjob/project_1/project_1.srcs/sources_1/new/I2C_top.v:82]
ERROR: [VRFC 10-2790] Verilog 2000 keyword end used in incorrect context [D:/findjob/project_1/project_1.srcs/sources_1/new/I2C_top.v:82]
ERROR: [VRFC 10-2865] module 'I2C_top' ignored due to previous errors [D:/findjob/project_1/project_1.srcs/sources_1/new/I2C_top.v:23]
INFO: [USF-XSim-69] 'compile' step finished in '1' seconds
INFO: [USF-XSim-99] Step results log file:'D:/findjob/project_1/project_1.sim/sim_1/behav/xsim/xvlog.log'
ERROR: [USF-XSim-62] 'compile' step failed with error(s). Please check the Tcl console output or 'D:/findjob/project_1/project_1.sim/sim_1/behav/xsim/xvlog.log' file for more information.
ERROR: [Vivado 12-4473] Detected error while running simulation. Please correct the issue and retry this operation.
ERROR: [Common 17-39] 'launch_simulation' failed due to earlier errors.
launch_simulation
INFO: [Vivado 12-5682] Launching behavioral simulation in 'D:/findjob/project_1/project_1.sim/sim_1/behav/xsim'
INFO: [SIM-utils-51] Simulation object is 'sim_1'
INFO: [SIM-utils-54] Inspecting design source files for 'I2C_top_tb' in fileset 'sim_1'...
INFO: [USF-XSim-97] Finding global include files...
INFO: [USF-XSim-98] Fetching design files from 'sim_1'...
INFO: [USF-XSim-2] XSim::Compile design
INFO: [USF-XSim-61] Executing 'COMPILE and ANALYZE' step in 'D:/findjob/project_1/project_1.sim/sim_1/behav/xsim'
"xvlog --incr --relax -prj I2C_top_tb_vlog.prj"
INFO: [VRFC 10-2263] Analyzing Verilog file "D:/findjob/project_1/project_1.srcs/sources_1/new/I2C_top.v" into library xil_defaultlib
INFO: [VRFC 10-311] analyzing module I2C_top
WARNING: [VRFC 10-3676] redeclaration of ansi port 'i2c_scl' is not allowed [D:/findjob/project_1/project_1.srcs/sources_1/new/I2C_top.v:71]
INFO: [VRFC 10-2263] Analyzing Verilog file "D:/findjob/project_1/project_1.srcs/sim_1/new/I2C_top_tb.v" into library xil_defaultlib
INFO: [VRFC 10-311] analyzing module I2C_top_tb
INFO: [USF-XSim-69] 'compile' step finished in '1' seconds
INFO: [USF-XSim-3] XSim::Elaborate design
INFO: [USF-XSim-61] Executing 'ELABORATE' step in 'D:/findjob/project_1/project_1.sim/sim_1/behav/xsim'
"xelab -wto 78618b26c6384b86a3b48550143a7297 --incr --debug typical --relax --mt 2 -L xil_defaultlib -L unisims_ver -L unimacro_ver -L secureip --snapshot I2C_top_tb_behav xil_defaultlib.I2C_top_tb xil_defaultlib.glbl -log elaborate.log"
Vivado Simulator 2019.1
Copyright 1986-1999, 2001-2019 Xilinx, Inc. All Rights Reserved.
Running: D:/vivado/Vivado/2019.1/bin/unwrapped/win64.o/xelab.exe -wto 78618b26c6384b86a3b48550143a7297 --incr --debug typical --relax --mt 2 -L xil_defaultlib -L unisims_ver -L unimacro_ver -L secureip --snapshot I2C_top_tb_behav xil_defaultlib.I2C_top_tb xil_defaultlib.glbl -log elaborate.log 
Using 2 slave threads.
Starting static elaboration
WARNING: [VRFC 10-3091] actual bit length 32 differs from formal bit length 1 for port 'i_master_type' [D:/findjob/project_1/project_1.srcs/sim_1/new/I2C_top_tb.v:40]
WARNING: [VRFC 10-3091] actual bit length 32 differs from formal bit length 1 for port 'i_master_vaild' [D:/findjob/project_1/project_1.srcs/sim_1/new/I2C_top_tb.v:41]
Completed static elaboration
Starting simulation data flow analysis
Completed simulation data flow analysis
Time Resolution for simulation is 1ps
Compiling module xil_defaultlib.I2C_top
Compiling module xil_defaultlib.I2C_top_tb
Compiling module xil_defaultlib.glbl
Built simulation snapshot I2C_top_tb_behav
INFO: [USF-XSim-69] 'elaborate' step finished in '1' seconds
INFO: [USF-XSim-4] XSim::Simulate design
INFO: [USF-XSim-61] Executing 'SIMULATE' step in 'D:/findjob/project_1/project_1.sim/sim_1/behav/xsim'
INFO: [USF-XSim-98] *** Running xsim
   with args "I2C_top_tb_behav -key {Behavioral:sim_1:Functional:I2C_top_tb} -tclbatch {I2C_top_tb.tcl} -log {simulate.log}"
INFO: [USF-XSim-8] Loading simulator feature
Vivado Simulator 2019.1
Time resolution is 1 ps
source I2C_top_tb.tcl
# set curr_wave [current_wave_config]
# if { [string length $curr_wave] == 0 } {
#   if { [llength [get_objects]] > 0} {
#     add_wave /
#     set_property needs_save false [current_wave_config]
#   } else {
#      send_msg_id Add_Wave-1 WARNING "No top level signals found. Simulator will start without a wave window. If you want to open a wave window go to 'File->New Waveform Configuration' or type 'create_wave_config' in the TCL console."
#   }
# }
# run 1000ns
INFO: [USF-XSim-96] XSim completed. Design snapshot 'I2C_top_tb_behav' loaded.
INFO: [USF-XSim-97] XSim simulation ran for 1000ns
launch_simulation: Time (s): cpu = 00:00:00 ; elapsed = 00:00:05 . Memory (MB): peak = 910.375 ; gain = 0.000
current_wave_config {Untitled 11}
Untitled 11
add_wave {{/I2C_top_tb/test}} 
run 1000 us
Stopped at time : 5250 ns : File "D:/findjob/project_1/project_1.srcs/sources_1/new/I2C_top.v" Line 167
run 1000 us
Stopped at time : 7150 ns : File "D:/findjob/project_1/project_1.srcs/sources_1/new/I2C_top.v" Line 167
run 1000 us
Stopped at time : 7250 ns : File "D:/findjob/project_1/project_1.srcs/sources_1/new/I2C_top.v" Line 167
run 1000 us
Stopped at time : 9150 ns : File "D:/findjob/project_1/project_1.srcs/sources_1/new/I2C_top.v" Line 167
close_sim
INFO: [Simtcl 6-16] Simulation closed
launch_simulation
INFO: [Vivado 12-5682] Launching behavioral simulation in 'D:/findjob/project_1/project_1.sim/sim_1/behav/xsim'
INFO: [SIM-utils-51] Simulation object is 'sim_1'
INFO: [SIM-utils-54] Inspecting design source files for 'I2C_top_tb' in fileset 'sim_1'...
INFO: [USF-XSim-97] Finding global include files...
INFO: [USF-XSim-98] Fetching design files from 'sim_1'...
INFO: [USF-XSim-2] XSim::Compile design
INFO: [USF-XSim-61] Executing 'COMPILE and ANALYZE' step in 'D:/findjob/project_1/project_1.sim/sim_1/behav/xsim'
"xvlog --incr --relax -prj I2C_top_tb_vlog.prj"
INFO: [VRFC 10-2263] Analyzing Verilog file "D:/findjob/project_1/project_1.srcs/sources_1/new/I2C_top.v" into library xil_defaultlib
INFO: [VRFC 10-311] analyzing module I2C_top
WARNING: [VRFC 10-3676] redeclaration of ansi port 'i2c_scl' is not allowed [D:/findjob/project_1/project_1.srcs/sources_1/new/I2C_top.v:71]
INFO: [VRFC 10-2263] Analyzing Verilog file "D:/findjob/project_1/project_1.srcs/sim_1/new/I2C_top_tb.v" into library xil_defaultlib
INFO: [VRFC 10-311] analyzing module I2C_top_tb
INFO: [USF-XSim-69] 'compile' step finished in '1' seconds
INFO: [USF-XSim-3] XSim::Elaborate design
INFO: [USF-XSim-61] Executing 'ELABORATE' step in 'D:/findjob/project_1/project_1.sim/sim_1/behav/xsim'
"xelab -wto 78618b26c6384b86a3b48550143a7297 --incr --debug typical --relax --mt 2 -L xil_defaultlib -L unisims_ver -L unimacro_ver -L secureip --snapshot I2C_top_tb_behav xil_defaultlib.I2C_top_tb xil_defaultlib.glbl -log elaborate.log"
Vivado Simulator 2019.1
Copyright 1986-1999, 2001-2019 Xilinx, Inc. All Rights Reserved.
Running: D:/vivado/Vivado/2019.1/bin/unwrapped/win64.o/xelab.exe -wto 78618b26c6384b86a3b48550143a7297 --incr --debug typical --relax --mt 2 -L xil_defaultlib -L unisims_ver -L unimacro_ver -L secureip --snapshot I2C_top_tb_behav xil_defaultlib.I2C_top_tb xil_defaultlib.glbl -log elaborate.log 
Using 2 slave threads.
Starting static elaboration
WARNING: [VRFC 10-3091] actual bit length 32 differs from formal bit length 1 for port 'i_master_type' [D:/findjob/project_1/project_1.srcs/sim_1/new/I2C_top_tb.v:40]
WARNING: [VRFC 10-3091] actual bit length 32 differs from formal bit length 1 for port 'i_master_vaild' [D:/findjob/project_1/project_1.srcs/sim_1/new/I2C_top_tb.v:41]
Completed static elaboration
Starting simulation data flow analysis
Completed simulation data flow analysis
Time Resolution for simulation is 1ps
Compiling module xil_defaultlib.I2C_top
Compiling module xil_defaultlib.I2C_top_tb
Compiling module xil_defaultlib.glbl
Built simulation snapshot I2C_top_tb_behav
INFO: [USF-XSim-69] 'elaborate' step finished in '1' seconds
INFO: [USF-XSim-4] XSim::Simulate design
INFO: [USF-XSim-61] Executing 'SIMULATE' step in 'D:/findjob/project_1/project_1.sim/sim_1/behav/xsim'
INFO: [USF-XSim-98] *** Running xsim
   with args "I2C_top_tb_behav -key {Behavioral:sim_1:Functional:I2C_top_tb} -tclbatch {I2C_top_tb.tcl} -log {simulate.log}"
INFO: [USF-XSim-8] Loading simulator feature
Vivado Simulator 2019.1
Time resolution is 1 ps
source I2C_top_tb.tcl
# set curr_wave [current_wave_config]
# if { [string length $curr_wave] == 0 } {
#   if { [llength [get_objects]] > 0} {
#     add_wave /
#     set_property needs_save false [current_wave_config]
#   } else {
#      send_msg_id Add_Wave-1 WARNING "No top level signals found. Simulator will start without a wave window. If you want to open a wave window go to 'File->New Waveform Configuration' or type 'create_wave_config' in the TCL console."
#   }
# }
# run 1000ns
INFO: [USF-XSim-96] XSim completed. Design snapshot 'I2C_top_tb_behav' loaded.
INFO: [USF-XSim-97] XSim simulation ran for 1000ns
launch_simulation: Time (s): cpu = 00:00:00 ; elapsed = 00:00:05 . Memory (MB): peak = 946.422 ; gain = 2.113
run 1000 us
Stopped at time : 5200 ns : File "D:/findjob/project_1/project_1.srcs/sources_1/new/I2C_top.v" Line 167
current_wave_config {Untitled 12}
Untitled 12
add_wave {{/I2C_top_tb/test}} 
restart
INFO: [Simtcl 6-17] Simulation restarted
restart: Time (s): cpu = 00:00:00 ; elapsed = 00:00:07 . Memory (MB): peak = 957.305 ; gain = 0.000
run 1000 us
Stopped at time : 5200 ns : File "D:/findjob/project_1/project_1.srcs/sources_1/new/I2C_top.v" Line 167
run 1000 us
Stopped at time : 7100 ns : File "D:/findjob/project_1/project_1.srcs/sources_1/new/I2C_top.v" Line 167
close_sim
INFO: [Simtcl 6-16] Simulation closed
launch_simulation
INFO: [Vivado 12-5682] Launching behavioral simulation in 'D:/findjob/project_1/project_1.sim/sim_1/behav/xsim'
INFO: [SIM-utils-51] Simulation object is 'sim_1'
INFO: [SIM-utils-54] Inspecting design source files for 'I2C_top_tb' in fileset 'sim_1'...
INFO: [USF-XSim-97] Finding global include files...
INFO: [USF-XSim-98] Fetching design files from 'sim_1'...
INFO: [USF-XSim-2] XSim::Compile design
INFO: [USF-XSim-61] Executing 'COMPILE and ANALYZE' step in 'D:/findjob/project_1/project_1.sim/sim_1/behav/xsim'
"xvlog --incr --relax -prj I2C_top_tb_vlog.prj"
INFO: [VRFC 10-2263] Analyzing Verilog file "D:/findjob/project_1/project_1.srcs/sources_1/new/I2C_top.v" into library xil_defaultlib
INFO: [VRFC 10-311] analyzing module I2C_top
WARNING: [VRFC 10-3676] redeclaration of ansi port 'i2c_scl' is not allowed [D:/findjob/project_1/project_1.srcs/sources_1/new/I2C_top.v:71]
INFO: [VRFC 10-2263] Analyzing Verilog file "D:/findjob/project_1/project_1.srcs/sim_1/new/I2C_top_tb.v" into library xil_defaultlib
INFO: [VRFC 10-311] analyzing module I2C_top_tb
INFO: [USF-XSim-69] 'compile' step finished in '1' seconds
INFO: [USF-XSim-3] XSim::Elaborate design
INFO: [USF-XSim-61] Executing 'ELABORATE' step in 'D:/findjob/project_1/project_1.sim/sim_1/behav/xsim'
"xelab -wto 78618b26c6384b86a3b48550143a7297 --incr --debug typical --relax --mt 2 -L xil_defaultlib -L unisims_ver -L unimacro_ver -L secureip --snapshot I2C_top_tb_behav xil_defaultlib.I2C_top_tb xil_defaultlib.glbl -log elaborate.log"
Vivado Simulator 2019.1
Copyright 1986-1999, 2001-2019 Xilinx, Inc. All Rights Reserved.
Running: D:/vivado/Vivado/2019.1/bin/unwrapped/win64.o/xelab.exe -wto 78618b26c6384b86a3b48550143a7297 --incr --debug typical --relax --mt 2 -L xil_defaultlib -L unisims_ver -L unimacro_ver -L secureip --snapshot I2C_top_tb_behav xil_defaultlib.I2C_top_tb xil_defaultlib.glbl -log elaborate.log 
Using 2 slave threads.
Starting static elaboration
WARNING: [VRFC 10-3091] actual bit length 32 differs from formal bit length 1 for port 'i_master_type' [D:/findjob/project_1/project_1.srcs/sim_1/new/I2C_top_tb.v:40]
WARNING: [VRFC 10-3091] actual bit length 32 differs from formal bit length 1 for port 'i_master_vaild' [D:/findjob/project_1/project_1.srcs/sim_1/new/I2C_top_tb.v:41]
Completed static elaboration
Starting simulation data flow analysis
Completed simulation data flow analysis
Time Resolution for simulation is 1ps
Compiling module xil_defaultlib.I2C_top
Compiling module xil_defaultlib.I2C_top_tb
Compiling module xil_defaultlib.glbl
Built simulation snapshot I2C_top_tb_behav
INFO: [USF-XSim-69] 'elaborate' step finished in '1' seconds
INFO: [USF-XSim-4] XSim::Simulate design
INFO: [USF-XSim-61] Executing 'SIMULATE' step in 'D:/findjob/project_1/project_1.sim/sim_1/behav/xsim'
INFO: [USF-XSim-98] *** Running xsim
   with args "I2C_top_tb_behav -key {Behavioral:sim_1:Functional:I2C_top_tb} -tclbatch {I2C_top_tb.tcl} -log {simulate.log}"
INFO: [USF-XSim-8] Loading simulator feature
Vivado Simulator 2019.1
Time resolution is 1 ps
source I2C_top_tb.tcl
# set curr_wave [current_wave_config]
# if { [string length $curr_wave] == 0 } {
#   if { [llength [get_objects]] > 0} {
#     add_wave /
#     set_property needs_save false [current_wave_config]
#   } else {
#      send_msg_id Add_Wave-1 WARNING "No top level signals found. Simulator will start without a wave window. If you want to open a wave window go to 'File->New Waveform Configuration' or type 'create_wave_config' in the TCL console."
#   }
# }
# run 1000ns
INFO: [USF-XSim-96] XSim completed. Design snapshot 'I2C_top_tb_behav' loaded.
INFO: [USF-XSim-97] XSim simulation ran for 1000ns
launch_simulation: Time (s): cpu = 00:00:01 ; elapsed = 00:00:05 . Memory (MB): peak = 957.305 ; gain = 0.000
run 1000 us
Stopped at time : 5200 ns : File "D:/findjob/project_1/project_1.srcs/sources_1/new/I2C_top.v" Line 167
run 1000 us
Stopped at time : 7100 ns : File "D:/findjob/project_1/project_1.srcs/sources_1/new/I2C_top.v" Line 167
current_wave_config {Untitled 13}
Untitled 13
add_wave {{/I2C_top_tb/test}} 
restart
INFO: [Simtcl 6-17] Simulation restarted
restart: Time (s): cpu = 00:00:01 ; elapsed = 00:00:07 . Memory (MB): peak = 957.305 ; gain = 0.000
run 1000 us
Stopped at time : 5200 ns : File "D:/findjob/project_1/project_1.srcs/sources_1/new/I2C_top.v" Line 167
run 1000 us
Stopped at time : 7100 ns : File "D:/findjob/project_1/project_1.srcs/sources_1/new/I2C_top.v" Line 167
close_sim
INFO: [Simtcl 6-16] Simulation closed
launch_simulation
INFO: [Vivado 12-5682] Launching behavioral simulation in 'D:/findjob/project_1/project_1.sim/sim_1/behav/xsim'
INFO: [SIM-utils-51] Simulation object is 'sim_1'
INFO: [SIM-utils-54] Inspecting design source files for 'I2C_top_tb' in fileset 'sim_1'...
INFO: [USF-XSim-97] Finding global include files...
INFO: [USF-XSim-98] Fetching design files from 'sim_1'...
INFO: [USF-XSim-2] XSim::Compile design
INFO: [USF-XSim-61] Executing 'COMPILE and ANALYZE' step in 'D:/findjob/project_1/project_1.sim/sim_1/behav/xsim'
"xvlog --incr --relax -prj I2C_top_tb_vlog.prj"
INFO: [VRFC 10-2263] Analyzing Verilog file "D:/findjob/project_1/project_1.srcs/sources_1/new/I2C_top.v" into library xil_defaultlib
INFO: [VRFC 10-311] analyzing module I2C_top
WARNING: [VRFC 10-3676] redeclaration of ansi port 'i2c_scl' is not allowed [D:/findjob/project_1/project_1.srcs/sources_1/new/I2C_top.v:71]
INFO: [VRFC 10-2263] Analyzing Verilog file "D:/findjob/project_1/project_1.srcs/sim_1/new/I2C_top_tb.v" into library xil_defaultlib
INFO: [VRFC 10-311] analyzing module I2C_top_tb
INFO: [USF-XSim-69] 'compile' step finished in '1' seconds
INFO: [USF-XSim-3] XSim::Elaborate design
INFO: [USF-XSim-61] Executing 'ELABORATE' step in 'D:/findjob/project_1/project_1.sim/sim_1/behav/xsim'
"xelab -wto 78618b26c6384b86a3b48550143a7297 --incr --debug typical --relax --mt 2 -L xil_defaultlib -L unisims_ver -L unimacro_ver -L secureip --snapshot I2C_top_tb_behav xil_defaultlib.I2C_top_tb xil_defaultlib.glbl -log elaborate.log"
Vivado Simulator 2019.1
Copyright 1986-1999, 2001-2019 Xilinx, Inc. All Rights Reserved.
Running: D:/vivado/Vivado/2019.1/bin/unwrapped/win64.o/xelab.exe -wto 78618b26c6384b86a3b48550143a7297 --incr --debug typical --relax --mt 2 -L xil_defaultlib -L unisims_ver -L unimacro_ver -L secureip --snapshot I2C_top_tb_behav xil_defaultlib.I2C_top_tb xil_defaultlib.glbl -log elaborate.log 
Using 2 slave threads.
Starting static elaboration
WARNING: [VRFC 10-3091] actual bit length 32 differs from formal bit length 1 for port 'i_master_type' [D:/findjob/project_1/project_1.srcs/sim_1/new/I2C_top_tb.v:40]
WARNING: [VRFC 10-3091] actual bit length 32 differs from formal bit length 1 for port 'i_master_vaild' [D:/findjob/project_1/project_1.srcs/sim_1/new/I2C_top_tb.v:41]
Completed static elaboration
Starting simulation data flow analysis
Completed simulation data flow analysis
Time Resolution for simulation is 1ps
Compiling module xil_defaultlib.I2C_top
Compiling module xil_defaultlib.I2C_top_tb
Compiling module xil_defaultlib.glbl
Built simulation snapshot I2C_top_tb_behav
INFO: [USF-XSim-69] 'elaborate' step finished in '1' seconds
INFO: [USF-XSim-4] XSim::Simulate design
INFO: [USF-XSim-61] Executing 'SIMULATE' step in 'D:/findjob/project_1/project_1.sim/sim_1/behav/xsim'
INFO: [USF-XSim-98] *** Running xsim
   with args "I2C_top_tb_behav -key {Behavioral:sim_1:Functional:I2C_top_tb} -tclbatch {I2C_top_tb.tcl} -log {simulate.log}"
INFO: [USF-XSim-8] Loading simulator feature
Vivado Simulator 2019.1
Time resolution is 1 ps
source I2C_top_tb.tcl
# set curr_wave [current_wave_config]
# if { [string length $curr_wave] == 0 } {
#   if { [llength [get_objects]] > 0} {
#     add_wave /
#     set_property needs_save false [current_wave_config]
#   } else {
#      send_msg_id Add_Wave-1 WARNING "No top level signals found. Simulator will start without a wave window. If you want to open a wave window go to 'File->New Waveform Configuration' or type 'create_wave_config' in the TCL console."
#   }
# }
# run 1000ns
INFO: [USF-XSim-96] XSim completed. Design snapshot 'I2C_top_tb_behav' loaded.
INFO: [USF-XSim-97] XSim simulation ran for 1000ns
launch_simulation: Time (s): cpu = 00:00:00 ; elapsed = 00:00:05 . Memory (MB): peak = 1038.691 ; gain = 0.000
current_wave_config {Untitled 14}
Untitled 14
add_wave {{/I2C_top_tb/test}} 
restart
INFO: [Simtcl 6-17] Simulation restarted
restart: Time (s): cpu = 00:00:01 ; elapsed = 00:00:07 . Memory (MB): peak = 1038.691 ; gain = 0.000
run 1000 us
Stopped at time : 5 us : File "D:/findjob/project_1/project_1.srcs/sources_1/new/I2C_top.v" Line 167
run 1000 us
Stopped at time : 5200 ns : File "D:/findjob/project_1/project_1.srcs/sources_1/new/I2C_top.v" Line 167
remove_bps -file {D:/findjob/project_1/project_1.srcs/sources_1/new/I2C_top.v} -line 167
run 1000 us
close_sim
INFO: [Simtcl 6-16] Simulation closed
launch_simulation
INFO: [Vivado 12-5682] Launching behavioral simulation in 'D:/findjob/project_1/project_1.sim/sim_1/behav/xsim'
INFO: [SIM-utils-51] Simulation object is 'sim_1'
INFO: [SIM-utils-54] Inspecting design source files for 'I2C_top_tb' in fileset 'sim_1'...
INFO: [USF-XSim-97] Finding global include files...
INFO: [USF-XSim-98] Fetching design files from 'sim_1'...
INFO: [USF-XSim-2] XSim::Compile design
INFO: [USF-XSim-61] Executing 'COMPILE and ANALYZE' step in 'D:/findjob/project_1/project_1.sim/sim_1/behav/xsim'
"xvlog --incr --relax -prj I2C_top_tb_vlog.prj"
INFO: [VRFC 10-2263] Analyzing Verilog file "D:/findjob/project_1/project_1.srcs/sources_1/new/I2C_top.v" into library xil_defaultlib
INFO: [VRFC 10-311] analyzing module I2C_top
WARNING: [VRFC 10-3676] redeclaration of ansi port 'i2c_scl' is not allowed [D:/findjob/project_1/project_1.srcs/sources_1/new/I2C_top.v:71]
INFO: [VRFC 10-2263] Analyzing Verilog file "D:/findjob/project_1/project_1.srcs/sim_1/new/I2C_top_tb.v" into library xil_defaultlib
INFO: [VRFC 10-311] analyzing module I2C_top_tb
INFO: [USF-XSim-69] 'compile' step finished in '1' seconds
INFO: [USF-XSim-3] XSim::Elaborate design
INFO: [USF-XSim-61] Executing 'ELABORATE' step in 'D:/findjob/project_1/project_1.sim/sim_1/behav/xsim'
"xelab -wto 78618b26c6384b86a3b48550143a7297 --incr --debug typical --relax --mt 2 -L xil_defaultlib -L unisims_ver -L unimacro_ver -L secureip --snapshot I2C_top_tb_behav xil_defaultlib.I2C_top_tb xil_defaultlib.glbl -log elaborate.log"
Vivado Simulator 2019.1
Copyright 1986-1999, 2001-2019 Xilinx, Inc. All Rights Reserved.
Running: D:/vivado/Vivado/2019.1/bin/unwrapped/win64.o/xelab.exe -wto 78618b26c6384b86a3b48550143a7297 --incr --debug typical --relax --mt 2 -L xil_defaultlib -L unisims_ver -L unimacro_ver -L secureip --snapshot I2C_top_tb_behav xil_defaultlib.I2C_top_tb xil_defaultlib.glbl -log elaborate.log 
Using 2 slave threads.
Starting static elaboration
WARNING: [VRFC 10-3091] actual bit length 32 differs from formal bit length 1 for port 'i_master_type' [D:/findjob/project_1/project_1.srcs/sim_1/new/I2C_top_tb.v:40]
WARNING: [VRFC 10-3091] actual bit length 32 differs from formal bit length 1 for port 'i_master_vaild' [D:/findjob/project_1/project_1.srcs/sim_1/new/I2C_top_tb.v:41]
Completed static elaboration
Starting simulation data flow analysis
Completed simulation data flow analysis
Time Resolution for simulation is 1ps
Compiling module xil_defaultlib.I2C_top
Compiling module xil_defaultlib.I2C_top_tb
Compiling module xil_defaultlib.glbl
Built simulation snapshot I2C_top_tb_behav
INFO: [USF-XSim-69] 'elaborate' step finished in '1' seconds
INFO: [USF-XSim-4] XSim::Simulate design
INFO: [USF-XSim-61] Executing 'SIMULATE' step in 'D:/findjob/project_1/project_1.sim/sim_1/behav/xsim'
INFO: [USF-XSim-98] *** Running xsim
   with args "I2C_top_tb_behav -key {Behavioral:sim_1:Functional:I2C_top_tb} -tclbatch {I2C_top_tb.tcl} -log {simulate.log}"
INFO: [USF-XSim-8] Loading simulator feature
Vivado Simulator 2019.1
Time resolution is 1 ps
source I2C_top_tb.tcl
# set curr_wave [current_wave_config]
# if { [string length $curr_wave] == 0 } {
#   if { [llength [get_objects]] > 0} {
#     add_wave /
#     set_property needs_save false [current_wave_config]
#   } else {
#      send_msg_id Add_Wave-1 WARNING "No top level signals found. Simulator will start without a wave window. If you want to open a wave window go to 'File->New Waveform Configuration' or type 'create_wave_config' in the TCL console."
#   }
# }
# run 1000ns
INFO: [USF-XSim-96] XSim completed. Design snapshot 'I2C_top_tb_behav' loaded.
INFO: [USF-XSim-97] XSim simulation ran for 1000ns
launch_simulation: Time (s): cpu = 00:00:00 ; elapsed = 00:00:05 . Memory (MB): peak = 1038.691 ; gain = 0.000
current_wave_config {}
WARNING: [Wavedata 42-16] Error Unable to get wave configuration ''.
Untitled 15
current_wave_config {Untitled 15}
Untitled 15
add_wave {{/I2C_top_tb/test}} 
restart
INFO: [Simtcl 6-17] Simulation restarted
restart: Time (s): cpu = 00:00:01 ; elapsed = 00:00:07 . Memory (MB): peak = 1038.691 ; gain = 0.000
run 1000 us
run 1000 us
close_sim
INFO: [Simtcl 6-16] Simulation closed
launch_simulation
INFO: [Vivado 12-5682] Launching behavioral simulation in 'D:/findjob/project_1/project_1.sim/sim_1/behav/xsim'
INFO: [SIM-utils-51] Simulation object is 'sim_1'
INFO: [SIM-utils-54] Inspecting design source files for 'I2C_top_tb' in fileset 'sim_1'...
INFO: [USF-XSim-97] Finding global include files...
INFO: [USF-XSim-98] Fetching design files from 'sim_1'...
INFO: [USF-XSim-2] XSim::Compile design
INFO: [USF-XSim-61] Executing 'COMPILE and ANALYZE' step in 'D:/findjob/project_1/project_1.sim/sim_1/behav/xsim'
"xvlog --incr --relax -prj I2C_top_tb_vlog.prj"
INFO: [VRFC 10-2263] Analyzing Verilog file "D:/findjob/project_1/project_1.srcs/sources_1/new/I2C_top.v" into library xil_defaultlib
INFO: [VRFC 10-311] analyzing module I2C_top
WARNING: [VRFC 10-3676] redeclaration of ansi port 'i2c_scl' is not allowed [D:/findjob/project_1/project_1.srcs/sources_1/new/I2C_top.v:71]
INFO: [VRFC 10-2263] Analyzing Verilog file "D:/findjob/project_1/project_1.srcs/sim_1/new/I2C_top_tb.v" into library xil_defaultlib
INFO: [VRFC 10-311] analyzing module I2C_top_tb
INFO: [USF-XSim-69] 'compile' step finished in '1' seconds
INFO: [USF-XSim-3] XSim::Elaborate design
INFO: [USF-XSim-61] Executing 'ELABORATE' step in 'D:/findjob/project_1/project_1.sim/sim_1/behav/xsim'
"xelab -wto 78618b26c6384b86a3b48550143a7297 --incr --debug typical --relax --mt 2 -L xil_defaultlib -L unisims_ver -L unimacro_ver -L secureip --snapshot I2C_top_tb_behav xil_defaultlib.I2C_top_tb xil_defaultlib.glbl -log elaborate.log"
Vivado Simulator 2019.1
Copyright 1986-1999, 2001-2019 Xilinx, Inc. All Rights Reserved.
Running: D:/vivado/Vivado/2019.1/bin/unwrapped/win64.o/xelab.exe -wto 78618b26c6384b86a3b48550143a7297 --incr --debug typical --relax --mt 2 -L xil_defaultlib -L unisims_ver -L unimacro_ver -L secureip --snapshot I2C_top_tb_behav xil_defaultlib.I2C_top_tb xil_defaultlib.glbl -log elaborate.log 
Using 2 slave threads.
Starting static elaboration
WARNING: [VRFC 10-3091] actual bit length 32 differs from formal bit length 1 for port 'i_master_type' [D:/findjob/project_1/project_1.srcs/sim_1/new/I2C_top_tb.v:40]
WARNING: [VRFC 10-3091] actual bit length 32 differs from formal bit length 1 for port 'i_master_vaild' [D:/findjob/project_1/project_1.srcs/sim_1/new/I2C_top_tb.v:41]
Completed static elaboration
Starting simulation data flow analysis
Completed simulation data flow analysis
Time Resolution for simulation is 1ps
Compiling module xil_defaultlib.I2C_top
Compiling module xil_defaultlib.I2C_top_tb
Compiling module xil_defaultlib.glbl
Built simulation snapshot I2C_top_tb_behav
INFO: [USF-XSim-69] 'elaborate' step finished in '1' seconds
INFO: [USF-XSim-4] XSim::Simulate design
INFO: [USF-XSim-61] Executing 'SIMULATE' step in 'D:/findjob/project_1/project_1.sim/sim_1/behav/xsim'
INFO: [USF-XSim-98] *** Running xsim
   with args "I2C_top_tb_behav -key {Behavioral:sim_1:Functional:I2C_top_tb} -tclbatch {I2C_top_tb.tcl} -log {simulate.log}"
INFO: [USF-XSim-8] Loading simulator feature
Vivado Simulator 2019.1
Time resolution is 1 ps
source I2C_top_tb.tcl
# set curr_wave [current_wave_config]
# if { [string length $curr_wave] == 0 } {
#   if { [llength [get_objects]] > 0} {
#     add_wave /
#     set_property needs_save false [current_wave_config]
#   } else {
#      send_msg_id Add_Wave-1 WARNING "No top level signals found. Simulator will start without a wave window. If you want to open a wave window go to 'File->New Waveform Configuration' or type 'create_wave_config' in the TCL console."
#   }
# }
ERROR: [Vivado 12-106] *** Exception: java.lang.NullPointerException (See D:/findjob/project_1/vivado_pid29312.debug)
ERROR: [Vivado 12-106] *** Exception: java.lang.NullPointerException (See D:/findjob/project_1/vivado_pid29312.debug)
ERROR: [Vivado 12-106] *** Exception: java.lang.NullPointerException (See D:/findjob/project_1/vivado_pid29312.debug)
ERROR: [Vivado 12-106] *** Exception: java.lang.NullPointerException (See D:/findjob/project_1/vivado_pid29312.debug)
ERROR: [Vivado 12-106] *** Exception: java.lang.NullPointerException (See D:/findjob/project_1/vivado_pid29312.debug)
ERROR: [Vivado 12-106] *** Exception: java.lang.NullPointerException (See D:/findjob/project_1/vivado_pid29312.debug)
ERROR: [Vivado 12-106] *** Exception: java.lang.NullPointerException (See D:/findjob/project_1/vivado_pid29312.debug)
ERROR: [Vivado 12-106] *** Exception: java.lang.NullPointerException (See D:/findjob/project_1/vivado_pid29312.debug)
ERROR: [Vivado 12-106] *** Exception: java.lang.NullPointerException (See D:/findjob/project_1/vivado_pid29312.debug)
ERROR: [Vivado 12-106] *** Exception: java.lang.NullPointerException (See D:/findjob/project_1/vivado_pid29312.debug)
ERROR: [Vivado 12-106] *** Exception: java.lang.NullPointerException (See D:/findjob/project_1/vivado_pid29312.debug)
ERROR: [Vivado 12-106] *** Exception: java.lang.NullPointerException (See D:/findjob/project_1/vivado_pid29312.debug)
ERROR: [Vivado 12-106] *** Exception: java.lang.NullPointerException (See D:/findjob/project_1/vivado_pid29312.debug)
add_wave: Time (s): cpu = 00:00:01 ; elapsed = 00:00:07 . Memory (MB): peak = 1038.691 ; gain = 0.000
ERROR: [Common 17-39] 'add_wave' failed due to earlier errors.
xsim: Time (s): cpu = 00:00:01 ; elapsed = 00:00:09 . Memory (MB): peak = 1038.691 ; gain = 0.000
INFO: [USF-XSim-96] XSim completed. Design snapshot 'I2C_top_tb_behav' loaded.
INFO: [USF-XSim-97] XSim simulation ran for 1000ns
launch_simulation: Time (s): cpu = 00:00:01 ; elapsed = 00:00:12 . Memory (MB): peak = 1038.691 ; gain = 0.000
ERROR: [Vivado 12-106] *** Exception: java.lang.NullPointerException (See D:/findjob/project_1/vivado_pid29312.debug)
ERROR: [Vivado 12-106] *** Exception: java.lang.NullPointerException (See D:/findjob/project_1/vivado_pid29312.debug)
ERROR: [Vivado 12-106] *** Exception: java.lang.NullPointerException (See D:/findjob/project_1/vivado_pid29312.debug)
current_wave_config {Untitled 16}
Untitled 16
add_wave {{/I2C_top_tb/test}} 
ERROR: [Vivado 12-106] *** Exception: java.lang.NullPointerException (See D:/findjob/project_1/vivado_pid29312.debug)
ERROR: [Vivado 12-106] *** Exception: java.lang.NullPointerException (See D:/findjob/project_1/vivado_pid29312.debug)
ERROR: [Vivado 12-106] *** Exception: java.lang.NullPointerException (See D:/findjob/project_1/vivado_pid29312.debug)
ERROR: [Vivado 12-106] *** Exception: java.lang.NullPointerException (See D:/findjob/project_1/vivado_pid29312.debug)
ERROR: [Vivado 12-106] *** Exception: java.lang.NullPointerException (See D:/findjob/project_1/vivado_pid29312.debug)
ERROR: [Vivado 12-106] *** Exception: java.lang.NullPointerException (See D:/findjob/project_1/vivado_pid29312.debug)
ERROR: [Vivado 12-106] *** Exception: java.lang.NullPointerException (See D:/findjob/project_1/vivado_pid29312.debug)
ERROR: [Vivado 12-106] *** Exception: java.lang.NullPointerException (See D:/findjob/project_1/vivado_pid29312.debug)
ERROR: [Vivado 12-106] *** Exception: java.lang.NullPointerException (See D:/findjob/project_1/vivado_pid29312.debug)
ERROR: [Vivado 12-106] *** Exception: java.lang.NullPointerException (See D:/findjob/project_1/vivado_pid29312.debug)
ERROR: [Vivado 12-106] *** Exception: java.lang.NullPointerException (See D:/findjob/project_1/vivado_pid29312.debug)
ERROR: [Vivado 12-106] *** Exception: java.lang.NullPointerException (See D:/findjob/project_1/vivado_pid29312.debug)
ERROR: [Vivado 12-106] *** Exception: java.lang.NullPointerException (See D:/findjob/project_1/vivado_pid29312.debug)
ERROR: [Vivado 12-106] *** Exception: java.lang.NullPointerException (See D:/findjob/project_1/vivado_pid29312.debug)
ERROR: [Vivado 12-106] *** Exception: java.lang.NullPointerException (See D:/findjob/project_1/vivado_pid29312.debug)
ERROR: [Vivado 12-106] *** Exception: java.lang.NullPointerException (See D:/findjob/project_1/vivado_pid29312.debug)
ERROR: [Vivado 12-106] *** Exception: java.lang.NullPointerException (See D:/findjob/project_1/vivado_pid29312.debug)
ERROR: [Vivado 12-106] *** Exception: java.lang.NullPointerException (See D:/findjob/project_1/vivado_pid29312.debug)
ERROR: [Vivado 12-106] *** Exception: java.lang.NullPointerException (See D:/findjob/project_1/vivado_pid29312.debug)
ERROR: [Vivado 12-106] *** Exception: java.lang.NullPointerException (See D:/findjob/project_1/vivado_pid29312.debug)
ERROR: [Vivado 12-106] *** Exception: java.lang.NullPointerException (See D:/findjob/project_1/vivado_pid29312.debug)
ERROR: [Common 17-190] Invalid Tcl eval of 'info procs ::sdx::has_new_run' during processing of event '404'.
ERROR: [Vivado 12-106] *** Exception: java.lang.NullPointerException (See D:/findjob/project_1/vivado_pid29312.debug)
ERROR: [Vivado 12-106] *** Exception: java.lang.NullPointerException (See D:/findjob/project_1/vivado_pid29312.debug)
ERROR: [Vivado 12-106] *** Exception: java.lang.NullPointerException (See D:/findjob/project_1/vivado_pid29312.debug)
ERROR: [Vivado 12-106] *** Exception: java.lang.NullPointerException (See D:/findjob/project_1/vivado_pid29312.debug)
ERROR: [Vivado 12-106] *** Exception: java.lang.NullPointerException (See D:/findjob/project_1/vivado_pid29312.debug)
ERROR: [Vivado 12-106] *** Exception: java.lang.NullPointerException (See D:/findjob/project_1/vivado_pid29312.debug)
ERROR: [Vivado 12-106] *** Exception: java.lang.NullPointerException (See D:/findjob/project_1/vivado_pid29312.debug)
ERROR: [Vivado 12-106] *** Exception: java.lang.NullPointerException (See D:/findjob/project_1/vivado_pid29312.debug)
ERROR: [Vivado 12-106] *** Exception: java.lang.NullPointerException (See D:/findjob/project_1/vivado_pid29312.debug)
INFO: [Common 17-365] Interrupt caught but 'add_wave' cannot be canceled. Please wait for command to finish.
ERROR: [Vivado 12-106] *** Exception: java.lang.NullPointerException (See D:/findjob/project_1/vivado_pid29312.debug)
ERROR: [Vivado 12-106] *** Exception: java.lang.NullPointerException (See D:/findjob/project_1/vivado_pid29312.debug)
ERROR: [Vivado 12-106] *** Exception: java.lang.NullPointerException (See D:/findjob/project_1/vivado_pid29312.debug)
add_wave: Time (s): cpu = 00:00:00 ; elapsed = 00:00:19 . Memory (MB): peak = 1038.691 ; gain = 0.000
INFO: [Common 17-681] Processing pending cancel.
ERROR: [Vivado 12-106] *** Exception: java.lang.NullPointerException (See D:/findjob/project_1/vivado_pid29312.debug)
ERROR: [Vivado 12-106] *** Exception: java.lang.NullPointerException (See D:/findjob/project_1/vivado_pid29312.debug)
ERROR: [Vivado 12-106] *** Exception: java.lang.NullPointerException (See D:/findjob/project_1/vivado_pid29312.debug)
ERROR: [Vivado 12-106] *** Exception: java.lang.NullPointerException (See D:/findjob/project_1/vivado_pid29312.debug)
ERROR: [Vivado 12-106] *** Exception: java.lang.NullPointerException (See D:/findjob/project_1/vivado_pid29312.debug)
ERROR: [Vivado 12-106] *** Exception: java.lang.NullPointerException (See D:/findjob/project_1/vivado_pid29312.debug)
run 1000 us
ERROR: [Vivado 12-106] *** Exception: java.lang.NullPointerException (See D:/findjob/project_1/vivado_pid29312.debug)
ERROR: [Vivado 12-106] *** Exception: java.lang.NullPointerException (See D:/findjob/project_1/vivado_pid29312.debug)
ERROR: [Vivado 12-106] *** Exception: java.lang.NullPointerException (See D:/findjob/project_1/vivado_pid29312.debug)
ERROR: [Vivado 12-106] *** Exception: java.lang.NullPointerException (See D:/findjob/project_1/vivado_pid29312.debug)
ERROR: [Vivado 12-106] *** Exception: java.lang.NullPointerException (See D:/findjob/project_1/vivado_pid29312.debug)
ERROR: [Vivado 12-106] *** Exception: java.lang.NullPointerException (See D:/findjob/project_1/vivado_pid29312.debug)
ERROR: [Vivado 12-106] *** Exception: java.lang.NullPointerException (See D:/findjob/project_1/vivado_pid29312.debug)
ERROR: [Vivado 12-106] *** Exception: java.lang.NullPointerException (See D:/findjob/project_1/vivado_pid29312.debug)
ERROR: [Vivado 12-106] *** Exception: java.lang.NullPointerException (See D:/findjob/project_1/vivado_pid29312.debug)
ERROR: [Vivado 12-106] *** Exception: java.lang.NullPointerException (See D:/findjob/project_1/vivado_pid29312.debug)
ERROR: [Vivado 12-106] *** Exception: java.lang.NullPointerException (See D:/findjob/project_1/vivado_pid29312.debug)
ERROR: [Vivado 12-106] *** Exception: java.lang.NullPointerException (See D:/findjob/project_1/vivado_pid29312.debug)
ERROR: [Vivado 12-106] *** Exception: java.lang.NullPointerException (See D:/findjob/project_1/vivado_pid29312.debug)
ERROR: [Vivado 12-106] *** Exception: java.lang.NullPointerException (See D:/findjob/project_1/vivado_pid29312.debug)
ERROR: [Vivado 12-106] *** Exception: java.lang.NullPointerException (See D:/findjob/project_1/vivado_pid29312.debug)
ERROR: [Vivado 12-106] *** Exception: java.lang.NullPointerException (See D:/findjob/project_1/vivado_pid29312.debug)
ERROR: [Vivado 12-106] *** Exception: java.lang.NullPointerException (See D:/findjob/project_1/vivado_pid29312.debug)
ERROR: [Vivado 12-106] *** Exception: java.lang.NullPointerException (See D:/findjob/project_1/vivado_pid29312.debug)
ERROR: [Vivado 12-106] *** Exception: java.lang.NullPointerException (See D:/findjob/project_1/vivado_pid29312.debug)
ERROR: [Vivado 12-106] *** Exception: java.lang.NullPointerException (See D:/findjob/project_1/vivado_pid29312.debug)
ERROR: [Vivado 12-106] *** Exception: java.lang.NullPointerException (See D:/findjob/project_1/vivado_pid29312.debug)
ERROR: [Vivado 12-106] *** Exception: java.lang.NullPointerException (See D:/findjob/project_1/vivado_pid29312.debug)
ERROR: [Vivado 12-106] *** Exception: java.lang.NullPointerException (See D:/findjob/project_1/vivado_pid29312.debug)
ERROR: [Vivado 12-106] *** Exception: java.lang.NullPointerException (See D:/findjob/project_1/vivado_pid29312.debug)
ERROR: [Vivado 12-106] *** Exception: java.lang.NullPointerException (See D:/findjob/project_1/vivado_pid29312.debug)
ERROR: [Vivado 12-106] *** Exception: java.lang.NullPointerException (See D:/findjob/project_1/vivado_pid29312.debug)
ERROR: [Vivado 12-106] *** Exception: java.lang.NullPointerException (See D:/findjob/project_1/vivado_pid29312.debug)
INFO: [Common 17-41] Interrupt caught. Command should exit soon.
run: Time (s): cpu = 00:00:00 ; elapsed = 00:00:14 . Memory (MB): peak = 1038.691 ; gain = 0.000
INFO: [Common 17-344] 'run' was cancelled
ERROR: [Vivado 12-106] *** Exception: java.lang.NullPointerException (See D:/findjob/project_1/vivado_pid29312.debug)
ERROR: [Vivado 12-106] *** Exception: java.lang.NullPointerException (See D:/findjob/project_1/vivado_pid29312.debug)
ERROR: [Vivado 12-106] *** Exception: java.lang.NullPointerException (See D:/findjob/project_1/vivado_pid29312.debug)
ERROR: [Vivado 12-106] *** Exception: java.lang.NullPointerException (See D:/findjob/project_1/vivado_pid29312.debug)
ERROR: [Vivado 12-106] *** Exception: java.lang.NullPointerException (See D:/findjob/project_1/vivado_pid29312.debug)
ERROR: [Vivado 12-106] *** Exception: java.lang.NullPointerException (See D:/findjob/project_1/vivado_pid29312.debug)
ERROR: [Vivado 12-106] *** Exception: java.lang.NullPointerException (See D:/findjob/project_1/vivado_pid29312.debug)
ERROR: [Vivado 12-106] *** Exception: java.lang.NullPointerException (See D:/findjob/project_1/vivado_pid29312.debug)
ERROR: [Vivado 12-106] *** Exception: java.lang.NullPointerException (See D:/findjob/project_1/vivado_pid29312.debug)
ERROR: [Vivado 12-106] *** Exception: java.lang.NullPointerException (See D:/findjob/project_1/vivado_pid29312.debug)
ERROR: [Vivado 12-106] *** Exception: java.lang.NullPointerException (See D:/findjob/project_1/vivado_pid29312.debug)
ERROR: [Vivado 12-106] *** Exception: java.lang.NullPointerException (See D:/findjob/project_1/vivado_pid29312.debug)
close_sim
INFO: [Simtcl 6-16] Simulation closed
exit
INFO: [Common 17-206] Exiting Vivado at Sat Nov  2 18:29:32 2024...
